#
# A fatal error has been detected by the Java Runtime Environment:
#
#  Internal Error (upcallLinker.cpp:79), pid=20038, tid=20046
#  guarantee(thread->thread_state() == _thread_in_native) failed: wrong thread state for upcall
#
# JRE version: Java(TM) SE Runtime Environment (23.0.1+11) (build 23.0.1+11-39)
# Java VM: Java HotSpot(TM) 64-Bit Server VM (23.0.1+11-39, mixed mode, sharing, tiered, compressed oops, compressed class ptrs, g1 gc, linux-amd64)
# Problematic frame:
# V  [libjvm.so+0xee49a6]  UpcallLinker::on_entry(UpcallStub::FrameData*, _jobject*)+0x1d6
#
# No core dump will be written. Core dumps have been disabled. To enable core dumping, try "ulimit -c unlimited" before starting Java again
#
# If you would like to submit a bug report, please visit:
#   https://bugreport.java.com/bugreport/crash.jsp
#

---------------  S U M M A R Y ------------

Command Line: --add-modules=ALL-DEFAULT jdk.compiler/com.sun.tools.javac.launcher.SourceLauncher IterateInstance.java

Host: Intel(R) Pentium(R) Silver N6000 @ 1.10GHz, 4 cores, 7G, CentOS Linux release 7.9.2009 (Core)
Time: Tue Nov 26 17:38:47 2024 CST elapsed time: 9.098900 seconds (0d 0h 0m 9s)

---------------  T H R E A D  ---------------

Current thread (0x00007f331813f680):  VMThread "VM Thread"          [id=20046, stack(0x00007f32fd1f0000,0x00007f32fd2f0000) (1024K)]

Stack: [0x00007f32fd1f0000,0x00007f32fd2f0000],  sp=0x00007f32fd2ee760,  free space=1017k
Native frames: (J=compiled Java code, j=interpreted, Vv=VM code, C=native code)
V  [libjvm.so+0xee49a6]  UpcallLinker::on_entry(UpcallStub::FrameData*, _jobject*)+0x1d6  (upcallLinker.cpp:79)
v  blob 0x00007f3307ec1c6d
V  [libjvm.so+0xb05f59]  IterateOverHeapObjectClosure::do_object(oopDesc*)+0xf9
V  [libjvm.so+0x7cfd6b]  G1HeapRegion::object_iterate(ObjectClosure*)+0x15b
V  [libjvm.so+0x799943]  IterateObjectClosureRegionClosure::do_heap_region(G1HeapRegion*)+0x23
V  [libjvm.so+0x7d4da4]  HeapRegionManager::iterate(HeapRegionClosure*) const+0x64
V  [libjvm.so+0x790eeb]  G1CollectedHeap::object_iterate(ObjectClosure*)+0x2b
V  [libjvm.so+0xb0e00d]  VM_HeapIterateOperation::doit()+0x4d
V  [libjvm.so+0xf3c277]  VM_Operation::evaluate()+0x107
V  [libjvm.so+0xf3f589]  VMThread::evaluate_operation(VM_Operation*)+0xc9
V  [libjvm.so+0xf400cb]  VMThread::inner_execute(VM_Operation*)+0x35b
V  [libjvm.so+0xf403c7]  VMThread::run()+0xb7
V  [libjvm.so+0xeaa58f]  Thread::call_run()+0x9f
V  [libjvm.so+0xcc6205]  thread_native_entry(Thread*)+0xd5
Registers:
RAX=0x00007f331ea38000, RBX=0x00007f331813f680, RCX=0x00007f331d9faeed, RDX=0x00007f331da59b98
RSP=0x00007f32fd2ee760, RBP=0x00007f32fd2ee780, RSI=0x000000000000004f, RDI=0x00007f331da59b68
R8 =0x0000000000000001, R9 =0x00000000000063cd, R10=0x00007ffdc3bd0090, R11=0x00000000013ab2f8
R12=0x00007f32fd2ee7e8, R13=0x00007f3318144bea, R14=0x00007f331ea25d20, R15=0x00007f32fd2ee910
RIP=0x00007f331d8669a6, EFLAGS=0x0000000000010297, CSGSFS=0x002b000000000033, ERR=0x0000000000000006
  TRAPNO=0x000000000000000e


Register to memory mapping:

RAX=0x00007f331ea38000 points into unknown readable memory: 0x0000000000000058 | 58 00 00 00 00 00 00 00
RBX=0x00007f331813f680 points into unknown readable memory: 0x00007f331dd7eb90 | 90 eb d7 1d 33 7f 00 00
RCX=0x00007f331d9faeed: <offset 0x0000000001078eed> in /root/.sdkman/candidates/java/23.0.1-oracle/lib/server/libjvm.so at 0x00007f331c982000
RDX=0x00007f331da59b98: <offset 0x00000000010d7b98> in /root/.sdkman/candidates/java/23.0.1-oracle/lib/server/libjvm.so at 0x00007f331c982000
RSP=0x00007f32fd2ee760 points into unknown readable memory: 0x00007f32fd2ee780 | 80 e7 2e fd 32 7f 00 00
RBP=0x00007f32fd2ee780 points into unknown readable memory: 0x00007f32fd2ee820 | 20 e8 2e fd 32 7f 00 00
RSI=0x000000000000004f is an unknown value
RDI=0x00007f331da59b68: <offset 0x00000000010d7b68> in /root/.sdkman/candidates/java/23.0.1-oracle/lib/server/libjvm.so at 0x00007f331c982000
R8 =0x0000000000000001 is an unknown value
R9 =0x00000000000063cd is an unknown value
R10=0x00007ffdc3bd0090 points into unknown readable memory: 0xffffffffffffffff | ff ff ff ff ff ff ff ff
R11=0x00000000013ab2f8 is an unknown value
R12=0x00007f32fd2ee7e8 points into unknown readable memory: 0x0000000000000429 | 29 04 00 00 00 00 00 00
R13=0x00007f3318144bea is a global jni handle
R14=0x00007f331ea25d20 is pointing into the stack for thread: 0x00007f3318029cf0
R15=0x00007f32fd2ee910 points into unknown readable memory: 0x00007f331dcbd7f8 | f8 d7 cb 1d 33 7f 00 00

Top of Stack: (sp=0x00007f32fd2ee760)
0x00007f32fd2ee760:   00007f32fd2ee780 00007f331ea25d20
0x00007f32fd2ee770:   0000000083c00068 00007f331dd88450
0x00007f32fd2ee780:   00007f32fd2ee820 00007f3307ec1c6d
0x00007f32fd2ee790:   00000000000000ff 0000000000000000
0x00007f32fd2ee7a0:   0000000000000018 00007f32fd2ee850
0x00007f32fd2ee7b0:   00007f33181e1460 00007f331ea25d20
0x00007f32fd2ee7c0:   0000000083c00068 00007f331dd88450
0x00007f32fd2ee7d0:   00007f331ea25d20 00007f32fd2ee910
0x00007f32fd2ee7e0:   00007f3200001fa2 0000000000000429
0x00007f32fd2ee7f0:   00007f000000084e 00007f331d48fc68
0x00007f32fd2ee800:   00007f331813f680 00007f331ea25d20
0x00007f32fd2ee810:   0000000083c00068 00007f331dd88450
0x00007f32fd2ee820:   00007f32fd2ee880 00007f331d487f59
0x00007f32fd2ee830:   00007f331868c850 00007f331868c900
0x00007f32fd2ee840:   0000000083c00068 0000000000000018
0x00007f32fd2ee850:   0000000000000000 0000000000000000
0x00007f32fd2ee860:   0000000000000000 0000000083c00068
0x00007f32fd2ee870:   00007f331cd834f0 00007f33180a8d90
0x00007f32fd2ee880:   00007f32fd2ee8b0 00007f331d151d6b
0x00007f32fd2ee890:   0000000000000000 00000000000007c4
0x00007f32fd2ee8a0:   0000000000000001 00007f331803bf28
0x00007f32fd2ee8b0:   00007f32fd2ee8c0 00007f331d11b943
0x00007f32fd2ee8c0:   00007f32fd2ee900 00007f331d156da4
0x00007f32fd2ee8d0:   00007f331813f680 00007f331ea25cd0
0x00007f32fd2ee8e0:   00007f331de18de8 00007f3318138d20
0x00007f32fd2ee8f0:   00007f331de1ce60 00007f331813fa20
0x00007f32fd2ee900:   00007f32fd2ee930 00007f331d112eeb
0x00007f32fd2ee910:   00007f331dcbd7f8 00007f331de18d01
0x00007f32fd2ee920:   00007f331ea25d20 00007f331de1ce60
0x00007f32fd2ee930:   00007f32fd2ee950 00007f331d49000d
0x00007f32fd2ee940:   00007f331ea25cd0 00007f331ea25cd0
0x00007f32fd2ee950:   00007f32fd2eea60 00007f331d8be277 

Instructions: (pc=0x00007f331d8669a6)
0x00007f331d8668a6:   08 48 8b 83 a0 03 00 00 49 89 04 24 48 c7 83 a0
0x00007f331d8668b6:   03 00 00 00 00 00 00 48 c7 83 b0 03 00 00 00 00
0x00007f331d8668c6:   00 00 48 c7 83 a8 03 00 00 00 00 00 00 49 8b 44
0x00007f331d8668d6:   24 28 48 89 83 30 04 00 00 4d 85 ed 74 16 4c 89
0x00007f331d8668e6:   e8 83 e0 03 48 83 f8 01 74 68 48 83 f8 02 74 7a
0x00007f331d8668f6:   4d 8b 6d 00 4c 89 ab f8 03 00 00 48 83 c4 08 48
0x00007f331d866906:   89 d8 5b 41 5c 41 5d 5d c3 90 f0 83 04 24 00 48
0x00007f331d866916:   8b 83 48 04 00 00 a8 01 0f 84 2f ff ff ff ba 01
0x00007f331d866926:   00 00 00 be 01 00 00 00 48 89 df e8 aa 0a e9 ff
0x00007f331d866936:   8b 83 40 04 00 00 a8 0c 0f 84 1d ff ff ff 48 89
0x00007f331d866946:   df e8 f4 3d a0 ff e9 10 ff ff ff 0f 1f 80 00 00
0x00007f331d866956:   00 00 49 8d 7d ff ff 15 8e 03 52 00 49 89 c5 eb
0x00007f331d866966:   93 66 0f 1f 84 00 00 00 00 00 49 8d 7d fe ff 15
0x00007f331d866976:   96 b6 51 00 49 89 c5 e9 78 ff ff ff 48 8d 05 87
0x00007f331d866986:   05 52 00 48 8d 0d 5d 45 19 00 48 8d 15 01 32 1f
0x00007f331d866996:   00 be 4f 00 00 00 48 8d 3d c5 31 1f 00 48 8b 00
0x00007f331d8669a6:   c6 00 58 31 c0 e8 00 f7 79 ff 48 8d 05 59 05 52
0x00007f331d8669b6:   00 48 8d 0d 4d 45 19 00 48 8d 15 3b 75 1c 00 be
0x00007f331d8669c6:   52 00 00 00 48 8d 3d 97 31 1f 00 48 8b 00 c6 00
0x00007f331d8669d6:   58 31 c0 e8 d2 f6 79 ff 66 90 48 8b 77 18 48 8b
0x00007f331d8669e6:   47 20 48 c7 86 a0 03 00 00 00 00 00 00 48 89 86
0x00007f331d8669f6:   30 04 00 00 c7 86 44 04 00 00 04 00 00 00 48 8b
0x00007f331d866a06:   86 a0 03 00 00 48 8b 17 48 39 c2 74 0b 48 c7 86
0x00007f331d866a16:   a0 03 00 00 00 00 00 00 48 8b 47 10 48 89 86 b0
0x00007f331d866a26:   03 00 00 48 8b 47 08 48 89 86 a8 03 00 00 48 8b
0x00007f331d866a36:   07 48 89 86 a0 03 00 00 48 8b 7f 28 e9 89 26 ac
0x00007f331d866a46:   ff 90 0f 1f 84 00 00 00 00 00 55 48 8d 35 cd 44
0x00007f331d866a56:   19 00 48 89 e5 53 48 89 fb 48 83 ec 08 48 8d 05
0x00007f331d866a66:   96 e1 52 00 48 8b 38 31 c0 e8 4c f6 de ff 48 89
0x00007f331d866a76:   df e8 d4 80 dc ff 48 8d 05 8d 04 52 00 be 92 00
0x00007f331d866a86:   00 00 48 8d 3d d9 30 1f 00 48 8b 00 c6 00 58 e8
0x00007f331d866a96:   d6 f9 79 ff 66 0f 1f 44 00 00 55 48 89 e5 41 57 


Stack slot to memory mapping:

stack at sp + 0 slots: 0x00007f32fd2ee780 points into unknown readable memory: 0x00007f32fd2ee820 | 20 e8 2e fd 32 7f 00 00
stack at sp + 1 slots: 0x00007f331ea25d20 is pointing into the stack for thread: 0x00007f3318029cf0
stack at sp + 2 slots: 0x0000000083c00068 is an oop: java.lang.String 
{0x0000000083c00068} - klass: 'java/lang/String'
 - string: "jvmtiInterface_1_$IterateOverReachableObjects"
 - ---- fields (total size 3 words):
 - private 'hash' 'I' @12  1841054427 (0x6dbc42db)
 - private final 'coder' 'B' @16  0 (0x00)
 - private 'hashIsZero' 'Z' @17  false (0x00)
 - injected 'flags' 'B' @18  0 (0x00)
 - private final 'value' '[B' @20  [B{0x0000000083c00080} (0x83c00080)
stack at sp + 3 slots: 0x00007f331dd88450: <offset 0x0000000001406450> in /root/.sdkman/candidates/java/23.0.1-oracle/lib/server/libjvm.so at 0x00007f331c982000
stack at sp + 4 slots: 0x00007f32fd2ee820 points into unknown readable memory: 0x00007f32fd2ee880 | 80 e8 2e fd 32 7f 00 00
stack at sp + 5 slots: 0x00007f3307ec1c6d is at code_begin+109 in 
[CodeBlob (0x00007f3307ec1b88)]
Framesize: 0
UpcallStub (0x00007f3307ec1b88) used for upcall_stub
--------------------------------------------------------------------------------
Decoding CodeBlob, name: upcall_stub, at  [0x00007f3307ec1c00, 0x00007f3307ec1d18]  280 bytes
[MachCode]
  0x00007f3307ec1c00: 5548 8bec | 4881 ec90 | 0000 0048 | 897c 2408 | 4889 7424 | 1048 8954 | 2418 4889 | 4c24 2048 
  0x00007f3307ec1c20: 895c 2428 | 4c89 6424 | 304c 896c | 2438 4c89 | 7424 404c | 897c 2448 | 0fae 5c24 | 508b 4424 
  0x00007f3307ec1c40: 5025 c0ff | 0000 3b05 | 38d7 f315 | 0f84 0700 | 0000 0fae | 152b d7f3 | 1548 8d7c | 2458 48be 
  0x00007f3307ec1c60: ea4b 1418 | 337f 0000 | e863 4b9a | 154c 8bf8 | 4d33 e448 | 8b7c 2408 | 488b 7424 | 1048 8b54 
  0x00007f3307ec1c80: 2418 488b | 4c24 204c | 8bc2 488b | d74c 8bc9 | 488b ce49 | 8bb7 f803 | 0000 49c7 | 87f8 0300 
  0x00007f3307ec1ca0: 0000 0000 | 0048 bb20 | 7fe0 9a32 | 7f00 0049 | 899f f003 | 0000 493b | a740 0500 | 0076 0749 
  0x00007f3307ec1cc0: 89a7 4005 | 0000 ff53 | 4049 3ba7 | 4005 0000 | 720b 49c7 | 8740 0500 | 0000 0000 | 0048 8904 
  0x00007f3307ec1ce0: 2448 8d7c | 2458 e8f5 | 4c9a 154d | 33e4 488b | 5c24 284c | 8b64 2430 | 4c8b 6c24 | 384c 8b74 
  0x00007f3307ec1d00: 2440 4c8b | 7c24 480f | ae54 2450 | 488b 0424 | c9c3 f4f4 | f4f4 f4f4 
[/MachCode]
--------------------------------------------------------------------------------
stack at sp + 6 slots: 0x00000000000000ff is an unknown value
stack at sp + 7 slots: 0x0 is null

--------------------------------------------------------------------------------
Decoding CodeBlob, name: upcall_stub, at  [0x00007f3307ec1c00, 0x00007f3307ec1d18]  280 bytes
[MachCode]
  0x00007f3307ec1c00: 5548 8bec | 4881 ec90 | 0000 0048 | 897c 2408 | 4889 7424 | 1048 8954 | 2418 4889 | 4c24 2048 
  0x00007f3307ec1c20: 895c 2428 | 4c89 6424 | 304c 896c | 2438 4c89 | 7424 404c | 897c 2448 | 0fae 5c24 | 508b 4424 
  0x00007f3307ec1c40: 5025 c0ff | 0000 3b05 | 38d7 f315 | 0f84 0700 | 0000 0fae | 152b d7f3 | 1548 8d7c | 2458 48be 
  0x00007f3307ec1c60: ea4b 1418 | 337f 0000 | e863 4b9a | 154c 8bf8 | 4d33 e448 | 8b7c 2408 | 488b 7424 | 1048 8b54 
  0x00007f3307ec1c80: 2418 488b | 4c24 204c | 8bc2 488b | d74c 8bc9 | 488b ce49 | 8bb7 f803 | 0000 49c7 | 87f8 0300 
  0x00007f3307ec1ca0: 0000 0000 | 0048 bb20 | 7fe0 9a32 | 7f00 0049 | 899f f003 | 0000 493b | a740 0500 | 0076 0749 
  0x00007f3307ec1cc0: 89a7 4005 | 0000 ff53 | 4049 3ba7 | 4005 0000 | 720b 49c7 | 8740 0500 | 0000 0000 | 0048 8904 
  0x00007f3307ec1ce0: 2448 8d7c | 2458 e8f5 | 4c9a 154d | 33e4 488b | 5c24 284c | 8b64 2430 | 4c8b 6c24 | 384c 8b74 
  0x00007f3307ec1d00: 2440 4c8b | 7c24 480f | ae54 2450 | 488b 0424 | c9c3 f4f4 | f4f4 f4f4 
[/MachCode]
--------------------------------------------------------------------------------

VM_Operation (0x00007f331ea25cd0): HeapIterateOperation, mode: safepoint, requested by thread 0x00007f3318029cf0


---------------  P R O C E S S  ---------------

Threads class SMR info:
_java_thread_list=0x00007f327426ae20, length=11, elements={
0x00007f3318029cf0, 0x00007f3318148f30, 0x00007f331814a570, 0x00007f331814bea0,
0x00007f331814d510, 0x00007f331814ebb0, 0x00007f3318150810, 0x00007f3318152040,
0x00007f33181827e0, 0x00007f33181d5d80, 0x00007f3274269bc0
}

Java Threads: ( => current thread )
  0x00007f3318029cf0 JavaThread "main"                              [_thread_blocked, id=20039, stack(0x00007f331e927000,0x00007f331ea28000) (1028K)]
  0x00007f3318148f30 JavaThread "Reference Handler"          daemon [_thread_blocked, id=20047, stack(0x00007f32fd0ef000,0x00007f32fd1ef000) (1024K)]
  0x00007f331814a570 JavaThread "Finalizer"                  daemon [_thread_blocked, id=20048, stack(0x00007f32fcfee000,0x00007f32fd0ee000) (1024K)]
  0x00007f331814bea0 JavaThread "Signal Dispatcher"          daemon [_thread_blocked, id=20049, stack(0x00007f32fceed000,0x00007f32fcfed000) (1024K)]
  0x00007f331814d510 JavaThread "Service Thread"             daemon [_thread_blocked, id=20050, stack(0x00007f32fcdec000,0x00007f32fceec000) (1024K)]
  0x00007f331814ebb0 JavaThread "Monitor Deflation Thread"   daemon [_thread_blocked, id=20051, stack(0x00007f32fcceb000,0x00007f32fcdeb000) (1024K)]
  0x00007f3318150810 JavaThread "C2 CompilerThread0"         daemon [_thread_blocked, id=20052, stack(0x00007f32fcbea000,0x00007f32fccea000) (1024K)]
  0x00007f3318152040 JavaThread "C1 CompilerThread0"         daemon [_thread_blocked, id=20053, stack(0x00007f32fcae9000,0x00007f32fcbe9000) (1024K)]
  0x00007f33181827e0 JavaThread "Common-Cleaner"             daemon [_thread_blocked, id=20054, stack(0x00007f32fc918000,0x00007f32fca18000) (1024K)]
  0x00007f33181d5d80 JavaThread "Notification Thread"        daemon [_thread_blocked, id=20055, stack(0x00007f32fc817000,0x00007f32fc917000) (1024K)]
  0x00007f3274269bc0 JavaThread "C2 CompilerThread1"         daemon [_thread_blocked, id=20056, stack(0x00007f32fc716000,0x00007f32fc816000) (1024K)]
Total: 11

Other Threads:
=>0x00007f331813f680 VMThread "VM Thread"                           [id=20046, stack(0x00007f32fd1f0000,0x00007f32fd2f0000) (1024K)]
  0x00007f331812d950 WatcherThread "VM Periodic Task Thread"        [id=20045, stack(0x00007f32fd2f1000,0x00007f32fd3f1000) (1024K)]
  0x00007f3318080bd0 WorkerThread "GC Thread#0"                     [id=20040, stack(0x00007f32fdc7b000,0x00007f32fdd7b000) (1024K)]
  0x00007f3294006870 WorkerThread "GC Thread#1"                     [id=20057, stack(0x00007f32fc615000,0x00007f32fc715000) (1024K)]
  0x00007f3294007440 WorkerThread "GC Thread#2"                     [id=20058, stack(0x00007f32fc514000,0x00007f32fc614000) (1024K)]
  0x00007f329400ff40 WorkerThread "GC Thread#3"                     [id=20059, stack(0x00007f32fc413000,0x00007f32fc513000) (1024K)]
  0x00007f33180959f0 ConcurrentGCThread "G1 Main Marker"            [id=20041, stack(0x00007f32fdb7a000,0x00007f32fdc7a000) (1024K)]
  0x00007f3318096ab0 WorkerThread "G1 Conc#0"                       [id=20042, stack(0x00007f32fda79000,0x00007f32fdb79000) (1024K)]
  0x00007f331811a190 ConcurrentGCThread "G1 Refine#0"               [id=20043, stack(0x00007f32fd574000,0x00007f32fd674000) (1024K)]
  0x00007f331811b270 ConcurrentGCThread "G1 Service"                [id=20044, stack(0x00007f32fd473000,0x00007f32fd573000) (1024K)]
Total: 10

Threads with active compile tasks:
C2 CompilerThread0  9104 6409       4       com.sun.tools.javac.comp.Flow$FlowAnalyzer::errorUncaught (209 bytes)
C1 CompilerThread0  9104 6474       2       jdk.internal.org.objectweb.asm.Frame::setInputFrameFromDescriptor (175 bytes)
C2 CompilerThread1  9104 6225       4       com.sun.tools.javac.comp.Attr::visitApply (878 bytes)
Total: 3

VM state: at safepoint (normal execution)

VM Mutex/Monitor currently owned by a thread:  ([mutex/lock_event])
[0x00007f331ddf26f8] Threads_lock - owner thread: 0x00007f331813f680
[0x00007f331ddf25f8] Heap_lock - owner thread: 0x00007f3318029cf0

Heap address: 0x0000000083c00000, size: 1988 MB, Compressed Oops mode: 32-bit

CDS archive(s) mapped at: [0x00007f329e000000-0x00007f329ed91000-0x00007f329ed91000), size 14225408, SharedBaseAddress: 0x00007f329e000000, ArchiveRelocationMode: 1.
Compressed class space mapped at: 0x00007f329f000000-0x00007f32df000000, reserved size: 1073741824
Narrow klass base: 0x00007f329e000000, Narrow klass shift: 0, Narrow klass range: 0x100000000

GC Precious Log:
 CardTable entry size: 512
 Card Set container configuration: InlinePtr #cards 5 size 8 Array Of Cards #cards 10 size 36 Howl #buckets 4 coarsen threshold 1843 Howl Bitmap #cards 512 size 80 coarsen threshold 460 Card regions per heap region 1 cards per card region 2048
 CPUs: 4 total, 4 available
 Memory: 7951M
 Large Page Support: Disabled
 NUMA Support: Disabled
 Compressed Oops: Enabled (32-bit)
 Heap Region Size: 1M
 Heap Min Capacity: 8M
 Heap Initial Capacity: 126M
 Heap Max Capacity: 1988M
 Pre-touch: Disabled
 Parallel Workers: 4
 Concurrent Workers: 1
 Concurrent Refinement Workers: 4
 Periodic GC: Disabled

Heap:
 garbage-first heap   total reserved 2035712K, committed 202752K, used 72690K [0x0000000083c00000, 0x0000000100000000)
  region size 1024K, 39 young (39936K), 14 survivors (14336K)
 Metaspace       used 15911K, committed 16448K, reserved 1114112K
  class space    used 1688K, committed 1920K, reserved 1048576K

Heap Regions: E=young(eden), S=young(survivor), O=old, HS=humongous(starts), HC=humongous(continues), CS=collection set, F=free, TAMS=top-at-mark-start, PB=parsable bottom
|   0|0x0000000083c00000, 0x0000000083d00000, 0x0000000083d00000|100%| O|  |TAMS 0x0000000083c00000| PB 0x0000000083c00000| Untracked |  0
|   1|0x0000000083d00000, 0x0000000083e00000, 0x0000000083e00000|100%| O|  |TAMS 0x0000000083d00000| PB 0x0000000083d00000| Untracked |  0
|   2|0x0000000083e00000, 0x0000000083f00000, 0x0000000083f00000|100%| O|  |TAMS 0x0000000083e00000| PB 0x0000000083e00000| Untracked |  0
|   3|0x0000000083f00000, 0x0000000084000000, 0x0000000084000000|100%| O|  |TAMS 0x0000000083f00000| PB 0x0000000083f00000| Untracked |  0
|   4|0x0000000084000000, 0x0000000084100000, 0x0000000084100000|100%|HS|  |TAMS 0x0000000084000000| PB 0x0000000084000000| Complete |  0
|   5|0x0000000084100000, 0x0000000084200000, 0x0000000084200000|100%|HS|  |TAMS 0x0000000084100000| PB 0x0000000084100000| Complete |  0
|   6|0x0000000084200000, 0x0000000084300000, 0x0000000084300000|100%|HS|  |TAMS 0x0000000084200000| PB 0x0000000084200000| Complete |  0
|   7|0x0000000084300000, 0x0000000084400000, 0x0000000084400000|100%| O|  |TAMS 0x0000000084300000| PB 0x0000000084300000| Untracked |  0
|   8|0x0000000084400000, 0x0000000084500000, 0x0000000084500000|100%| O|  |TAMS 0x0000000084400000| PB 0x0000000084400000| Untracked |  0
|   9|0x0000000084500000, 0x0000000084600000, 0x0000000084600000|100%|HS|  |TAMS 0x0000000084500000| PB 0x0000000084500000| Complete |  0
|  10|0x0000000084600000, 0x0000000084700000, 0x0000000084700000|100%|HC|  |TAMS 0x0000000084600000| PB 0x0000000084600000| Complete |  0
|  11|0x0000000084700000, 0x0000000084800000, 0x0000000084800000|100%| O|  |TAMS 0x0000000084700000| PB 0x0000000084700000| Untracked |  0
|  12|0x0000000084800000, 0x0000000084900000, 0x0000000084900000|100%| O|  |TAMS 0x0000000084800000| PB 0x0000000084800000| Untracked |  0
|  13|0x0000000084900000, 0x0000000084a00000, 0x0000000084a00000|100%| O|  |TAMS 0x0000000084900000| PB 0x0000000084900000| Untracked |  0
|  14|0x0000000084a00000, 0x0000000084b00000, 0x0000000084b00000|100%| O|  |TAMS 0x0000000084a00000| PB 0x0000000084a00000| Untracked |  0
|  15|0x0000000084b00000, 0x0000000084c00000, 0x0000000084c00000|100%| O|  |TAMS 0x0000000084b00000| PB 0x0000000084b00000| Untracked |  0
|  16|0x0000000084c00000, 0x0000000084d00000, 0x0000000084d00000|100%| O|  |TAMS 0x0000000084c00000| PB 0x0000000084c00000| Untracked |  0
|  17|0x0000000084d00000, 0x0000000084e00000, 0x0000000084e00000|100%| O|  |TAMS 0x0000000084d00000| PB 0x0000000084d00000| Untracked |  0
|  18|0x0000000084e00000, 0x0000000084f00000, 0x0000000084f00000|100%| O|  |TAMS 0x0000000084e00000| PB 0x0000000084e00000| Untracked |  0
|  19|0x0000000084f00000, 0x0000000085000000, 0x0000000085000000|100%| O|  |TAMS 0x0000000084f00000| PB 0x0000000084f00000| Untracked |  0
|  20|0x0000000085000000, 0x0000000085100000, 0x0000000085100000|100%| O|  |TAMS 0x0000000085000000| PB 0x0000000085000000| Untracked |  0
|  21|0x0000000085100000, 0x0000000085200000, 0x0000000085200000|100%| O|  |TAMS 0x0000000085100000| PB 0x0000000085100000| Untracked |  0
|  22|0x0000000085200000, 0x0000000085300000, 0x0000000085300000|100%| O|  |TAMS 0x0000000085200000| PB 0x0000000085200000| Untracked |  0
|  23|0x0000000085300000, 0x0000000085400000, 0x0000000085400000|100%| O|  |TAMS 0x0000000085300000| PB 0x0000000085300000| Untracked |  0
|  24|0x0000000085400000, 0x0000000085500000, 0x0000000085500000|100%| O|  |TAMS 0x0000000085400000| PB 0x0000000085400000| Untracked |  0
|  25|0x0000000085500000, 0x0000000085600000, 0x0000000085600000|100%| O|  |TAMS 0x0000000085500000| PB 0x0000000085500000| Untracked |  0
|  26|0x0000000085600000, 0x0000000085700000, 0x0000000085700000|100%| O|  |TAMS 0x0000000085600000| PB 0x0000000085600000| Untracked |  0
|  27|0x0000000085700000, 0x0000000085700000, 0x0000000085800000|  0%| F|  |TAMS 0x0000000085700000| PB 0x0000000085700000| Untracked |  0
|  28|0x0000000085800000, 0x0000000085800000, 0x0000000085900000|  0%| F|  |TAMS 0x0000000085800000| PB 0x0000000085800000| Untracked |  0
|  29|0x0000000085900000, 0x0000000085900000, 0x0000000085a00000|  0%| F|  |TAMS 0x0000000085900000| PB 0x0000000085900000| Untracked |  0
|  30|0x0000000085a00000, 0x0000000085a00000, 0x0000000085b00000|  0%| F|  |TAMS 0x0000000085a00000| PB 0x0000000085a00000| Untracked |  0
|  31|0x0000000085b00000, 0x0000000085b00000, 0x0000000085c00000|  0%| F|  |TAMS 0x0000000085b00000| PB 0x0000000085b00000| Untracked |  0
|  32|0x0000000085c00000, 0x0000000085d00000, 0x0000000085d00000|100%| O|  |TAMS 0x0000000085c00000| PB 0x0000000085c00000| Untracked |  0
|  33|0x0000000085d00000, 0x0000000085e00000, 0x0000000085e00000|100%| O|  |TAMS 0x0000000085d00000| PB 0x0000000085d00000| Untracked |  0
|  34|0x0000000085e00000, 0x0000000085f00000, 0x0000000085f00000|100%|HS|  |TAMS 0x0000000085e00000| PB 0x0000000085e00000| Complete |  0
|  35|0x0000000085f00000, 0x0000000086000000, 0x0000000086000000|100%|HC|  |TAMS 0x0000000085f00000| PB 0x0000000085f00000| Complete |  0
|  36|0x0000000086000000, 0x000000008605de20, 0x0000000086100000| 36%| O|  |TAMS 0x0000000086000000| PB 0x0000000086000000| Untracked |  0
|  37|0x0000000086100000, 0x0000000086200000, 0x0000000086200000|100%|HS|  |TAMS 0x0000000086100000| PB 0x0000000086100000| Complete |  0
|  38|0x0000000086200000, 0x0000000086200000, 0x0000000086300000|  0%| F|  |TAMS 0x0000000086200000| PB 0x0000000086200000| Untracked |  0
|  39|0x0000000086300000, 0x0000000086300000, 0x0000000086400000|  0%| F|  |TAMS 0x0000000086300000| PB 0x0000000086300000| Untracked |  0
|  40|0x0000000086400000, 0x0000000086400000, 0x0000000086500000|  0%| F|  |TAMS 0x0000000086400000| PB 0x0000000086400000| Untracked |  0
|  41|0x0000000086500000, 0x0000000086500000, 0x0000000086600000|  0%| F|  |TAMS 0x0000000086500000| PB 0x0000000086500000| Untracked |  0
|  42|0x0000000086600000, 0x0000000086600000, 0x0000000086700000|  0%| F|  |TAMS 0x0000000086600000| PB 0x0000000086600000| Untracked |  0
|  43|0x0000000086700000, 0x0000000086700000, 0x0000000086800000|  0%| F|  |TAMS 0x0000000086700000| PB 0x0000000086700000| Untracked |  0
|  44|0x0000000086800000, 0x0000000086800000, 0x0000000086900000|  0%| F|  |TAMS 0x0000000086800000| PB 0x0000000086800000| Untracked |  0
|  45|0x0000000086900000, 0x0000000086900000, 0x0000000086a00000|  0%| F|  |TAMS 0x0000000086900000| PB 0x0000000086900000| Untracked |  0
|  46|0x0000000086a00000, 0x0000000086a00000, 0x0000000086b00000|  0%| F|  |TAMS 0x0000000086a00000| PB 0x0000000086a00000| Untracked |  0
|  47|0x0000000086b00000, 0x0000000086b00000, 0x0000000086c00000|  0%| F|  |TAMS 0x0000000086b00000| PB 0x0000000086b00000| Untracked |  0
|  48|0x0000000086c00000, 0x0000000086c00000, 0x0000000086d00000|  0%| F|  |TAMS 0x0000000086c00000| PB 0x0000000086c00000| Untracked |  0
|  49|0x0000000086d00000, 0x0000000086d00000, 0x0000000086e00000|  0%| F|  |TAMS 0x0000000086d00000| PB 0x0000000086d00000| Untracked |  0
|  50|0x0000000086e00000, 0x0000000086e00000, 0x0000000086f00000|  0%| F|  |TAMS 0x0000000086e00000| PB 0x0000000086e00000| Untracked |  0
|  51|0x0000000086f00000, 0x0000000086f00000, 0x0000000087000000|  0%| F|  |TAMS 0x0000000086f00000| PB 0x0000000086f00000| Untracked |  0
|  52|0x0000000087000000, 0x0000000087000000, 0x0000000087100000|  0%| F|  |TAMS 0x0000000087000000| PB 0x0000000087000000| Untracked |  0
|  53|0x0000000087100000, 0x0000000087100000, 0x0000000087200000|  0%| F|  |TAMS 0x0000000087100000| PB 0x0000000087100000| Untracked |  0
|  54|0x0000000087200000, 0x0000000087200000, 0x0000000087300000|  0%| F|  |TAMS 0x0000000087200000| PB 0x0000000087200000| Untracked |  0
|  55|0x0000000087300000, 0x0000000087300000, 0x0000000087400000|  0%| F|  |TAMS 0x0000000087300000| PB 0x0000000087300000| Untracked |  0
|  56|0x0000000087400000, 0x0000000087400000, 0x0000000087500000|  0%| F|  |TAMS 0x0000000087400000| PB 0x0000000087400000| Untracked |  0
|  57|0x0000000087500000, 0x0000000087500000, 0x0000000087600000|  0%| F|  |TAMS 0x0000000087500000| PB 0x0000000087500000| Untracked |  0
|  58|0x0000000087600000, 0x0000000087600000, 0x0000000087700000|  0%| F|  |TAMS 0x0000000087600000| PB 0x0000000087600000| Untracked |  0
|  59|0x0000000087700000, 0x0000000087700000, 0x0000000087800000|  0%| F|  |TAMS 0x0000000087700000| PB 0x0000000087700000| Untracked |  0
|  60|0x0000000087800000, 0x0000000087800000, 0x0000000087900000|  0%| F|  |TAMS 0x0000000087800000| PB 0x0000000087800000| Untracked |  0
|  61|0x0000000087900000, 0x0000000087900000, 0x0000000087a00000|  0%| F|  |TAMS 0x0000000087900000| PB 0x0000000087900000| Untracked |  0
|  62|0x0000000087a00000, 0x0000000087a00000, 0x0000000087b00000|  0%| F|  |TAMS 0x0000000087a00000| PB 0x0000000087a00000| Untracked |  0
|  63|0x0000000087b00000, 0x0000000087b00000, 0x0000000087c00000|  0%| F|  |TAMS 0x0000000087b00000| PB 0x0000000087b00000| Untracked |  0
|  64|0x0000000087c00000, 0x0000000087c00000, 0x0000000087d00000|  0%| F|  |TAMS 0x0000000087c00000| PB 0x0000000087c00000| Untracked |  0
|  65|0x0000000087d00000, 0x0000000087d00000, 0x0000000087e00000|  0%| F|  |TAMS 0x0000000087d00000| PB 0x0000000087d00000| Untracked |  0
|  66|0x0000000087e00000, 0x0000000087e00000, 0x0000000087f00000|  0%| F|  |TAMS 0x0000000087e00000| PB 0x0000000087e00000| Untracked |  0
|  67|0x0000000087f00000, 0x0000000087f00000, 0x0000000088000000|  0%| F|  |TAMS 0x0000000087f00000| PB 0x0000000087f00000| Untracked |  0
|  68|0x0000000088000000, 0x0000000088000000, 0x0000000088100000|  0%| F|  |TAMS 0x0000000088000000| PB 0x0000000088000000| Untracked |  0
|  69|0x0000000088100000, 0x0000000088100000, 0x0000000088200000|  0%| F|  |TAMS 0x0000000088100000| PB 0x0000000088100000| Untracked |  0
|  70|0x0000000088200000, 0x0000000088200000, 0x0000000088300000|  0%| F|  |TAMS 0x0000000088200000| PB 0x0000000088200000| Untracked |  0
|  71|0x0000000088300000, 0x0000000088300000, 0x0000000088400000|  0%| F|  |TAMS 0x0000000088300000| PB 0x0000000088300000| Untracked |  0
|  72|0x0000000088400000, 0x0000000088400000, 0x0000000088500000|  0%| F|  |TAMS 0x0000000088400000| PB 0x0000000088400000| Untracked |  0
|  73|0x0000000088500000, 0x0000000088500000, 0x0000000088600000|  0%| F|  |TAMS 0x0000000088500000| PB 0x0000000088500000| Untracked |  0
|  74|0x0000000088600000, 0x0000000088680000, 0x0000000088700000| 50%| S|CS|TAMS 0x0000000088600000| PB 0x0000000088600000| Complete |  0
|  75|0x0000000088700000, 0x0000000088800000, 0x0000000088800000|100%| S|CS|TAMS 0x0000000088700000| PB 0x0000000088700000| Complete |  0
|  76|0x0000000088800000, 0x0000000088800000, 0x0000000088900000|  0%| F|  |TAMS 0x0000000088800000| PB 0x0000000088800000| Untracked |  0
|  77|0x0000000088900000, 0x0000000088900000, 0x0000000088a00000|  0%| F|  |TAMS 0x0000000088900000| PB 0x0000000088900000| Untracked |  0
|  78|0x0000000088a00000, 0x0000000088a00000, 0x0000000088b00000|  0%| F|  |TAMS 0x0000000088a00000| PB 0x0000000088a00000| Untracked |  0
|  79|0x0000000088b00000, 0x0000000088c00000, 0x0000000088c00000|100%| S|CS|TAMS 0x0000000088b00000| PB 0x0000000088b00000| Complete |  0
|  80|0x0000000088c00000, 0x0000000088d00000, 0x0000000088d00000|100%| S|CS|TAMS 0x0000000088c00000| PB 0x0000000088c00000| Complete |  0
|  81|0x0000000088d00000, 0x0000000088e00000, 0x0000000088e00000|100%| S|CS|TAMS 0x0000000088d00000| PB 0x0000000088d00000| Complete |  0
|  82|0x0000000088e00000, 0x0000000088f00000, 0x0000000088f00000|100%| S|CS|TAMS 0x0000000088e00000| PB 0x0000000088e00000| Complete |  0
|  83|0x0000000088f00000, 0x0000000089000000, 0x0000000089000000|100%| S|CS|TAMS 0x0000000088f00000| PB 0x0000000088f00000| Complete |  0
|  84|0x0000000089000000, 0x0000000089100000, 0x0000000089100000|100%| S|CS|TAMS 0x0000000089000000| PB 0x0000000089000000| Complete |  0
|  85|0x0000000089100000, 0x0000000089200000, 0x0000000089200000|100%| S|CS|TAMS 0x0000000089100000| PB 0x0000000089100000| Complete |  0
|  86|0x0000000089200000, 0x0000000089300000, 0x0000000089300000|100%| S|CS|TAMS 0x0000000089200000| PB 0x0000000089200000| Complete |  0
|  87|0x0000000089300000, 0x0000000089400000, 0x0000000089400000|100%| S|CS|TAMS 0x0000000089300000| PB 0x0000000089300000| Complete |  0
|  88|0x0000000089400000, 0x0000000089500000, 0x0000000089500000|100%| S|CS|TAMS 0x0000000089400000| PB 0x0000000089400000| Complete |  0
|  89|0x0000000089500000, 0x0000000089600000, 0x0000000089600000|100%| S|CS|TAMS 0x0000000089500000| PB 0x0000000089500000| Complete |  0
|  90|0x0000000089600000, 0x0000000089700000, 0x0000000089700000|100%| S|CS|TAMS 0x0000000089600000| PB 0x0000000089600000| Complete |  0
|  91|0x0000000089700000, 0x0000000089700000, 0x0000000089800000|  0%| F|  |TAMS 0x0000000089700000| PB 0x0000000089700000| Untracked |  0
|  92|0x0000000089800000, 0x0000000089800000, 0x0000000089900000|  0%| F|  |TAMS 0x0000000089800000| PB 0x0000000089800000| Untracked |  0
|  93|0x0000000089900000, 0x0000000089900000, 0x0000000089a00000|  0%| F|  |TAMS 0x0000000089900000| PB 0x0000000089900000| Untracked |  0
|  94|0x0000000089a00000, 0x0000000089a00000, 0x0000000089b00000|  0%| F|  |TAMS 0x0000000089a00000| PB 0x0000000089a00000| Untracked |  0
|  95|0x0000000089b00000, 0x0000000089b00000, 0x0000000089c00000|  0%| F|  |TAMS 0x0000000089b00000| PB 0x0000000089b00000| Untracked |  0
|  96|0x0000000089c00000, 0x0000000089c00000, 0x0000000089d00000|  0%| F|  |TAMS 0x0000000089c00000| PB 0x0000000089c00000| Untracked |  0
|  97|0x0000000089d00000, 0x0000000089d00000, 0x0000000089e00000|  0%| F|  |TAMS 0x0000000089d00000| PB 0x0000000089d00000| Untracked |  0
|  98|0x0000000089e00000, 0x0000000089e00000, 0x0000000089f00000|  0%| F|  |TAMS 0x0000000089e00000| PB 0x0000000089e00000| Untracked |  0
|  99|0x0000000089f00000, 0x0000000089f00000, 0x000000008a000000|  0%| F|  |TAMS 0x0000000089f00000| PB 0x0000000089f00000| Untracked |  0
| 100|0x000000008a000000, 0x000000008a000000, 0x000000008a100000|  0%| F|  |TAMS 0x000000008a000000| PB 0x000000008a000000| Untracked |  0
| 101|0x000000008a100000, 0x000000008a100000, 0x000000008a200000|  0%| F|  |TAMS 0x000000008a100000| PB 0x000000008a100000| Untracked |  0
| 102|0x000000008a200000, 0x000000008a200000, 0x000000008a300000|  0%| F|  |TAMS 0x000000008a200000| PB 0x000000008a200000| Untracked |  0
| 103|0x000000008a300000, 0x000000008a300000, 0x000000008a400000|  0%| F|  |TAMS 0x000000008a300000| PB 0x000000008a300000| Untracked |  0
| 104|0x000000008a400000, 0x000000008a400000, 0x000000008a500000|  0%| F|  |TAMS 0x000000008a400000| PB 0x000000008a400000| Untracked |  0
| 105|0x000000008a500000, 0x000000008a500000, 0x000000008a600000|  0%| F|  |TAMS 0x000000008a500000| PB 0x000000008a500000| Untracked |  0
| 106|0x000000008a600000, 0x000000008a600000, 0x000000008a700000|  0%| F|  |TAMS 0x000000008a600000| PB 0x000000008a600000| Untracked |  0
| 107|0x000000008a700000, 0x000000008a700000, 0x000000008a800000|  0%| F|  |TAMS 0x000000008a700000| PB 0x000000008a700000| Untracked |  0
| 108|0x000000008a800000, 0x000000008a800000, 0x000000008a900000|  0%| F|  |TAMS 0x000000008a800000| PB 0x000000008a800000| Untracked |  0
| 109|0x000000008a900000, 0x000000008a900000, 0x000000008aa00000|  0%| F|  |TAMS 0x000000008a900000| PB 0x000000008a900000| Untracked |  0
| 110|0x000000008aa00000, 0x000000008aa00000, 0x000000008ab00000|  0%| F|  |TAMS 0x000000008aa00000| PB 0x000000008aa00000| Untracked |  0
| 111|0x000000008ab00000, 0x000000008ab00000, 0x000000008ac00000|  0%| F|  |TAMS 0x000000008ab00000| PB 0x000000008ab00000| Untracked |  0
| 112|0x000000008ac00000, 0x000000008ac00000, 0x000000008ad00000|  0%| F|  |TAMS 0x000000008ac00000| PB 0x000000008ac00000| Untracked |  0
| 113|0x000000008ad00000, 0x000000008ad00000, 0x000000008ae00000|  0%| F|  |TAMS 0x000000008ad00000| PB 0x000000008ad00000| Untracked |  0
| 114|0x000000008ae00000, 0x000000008ae00000, 0x000000008af00000|  0%| F|  |TAMS 0x000000008ae00000| PB 0x000000008ae00000| Untracked |  0
| 115|0x000000008af00000, 0x000000008af00000, 0x000000008b000000|  0%| F|  |TAMS 0x000000008af00000| PB 0x000000008af00000| Untracked |  0
| 116|0x000000008b000000, 0x000000008b000000, 0x000000008b100000|  0%| F|  |TAMS 0x000000008b000000| PB 0x000000008b000000| Untracked |  0
| 117|0x000000008b100000, 0x000000008b100000, 0x000000008b200000|  0%| F|  |TAMS 0x000000008b100000| PB 0x000000008b100000| Untracked |  0
| 118|0x000000008b200000, 0x000000008b200000, 0x000000008b300000|  0%| F|  |TAMS 0x000000008b200000| PB 0x000000008b200000| Untracked |  0
| 119|0x000000008b300000, 0x000000008b300000, 0x000000008b400000|  0%| F|  |TAMS 0x000000008b300000| PB 0x000000008b300000| Untracked |  0
| 120|0x000000008b400000, 0x000000008b400000, 0x000000008b500000|  0%| F|  |TAMS 0x000000008b400000| PB 0x000000008b400000| Untracked |  0
| 121|0x000000008b500000, 0x000000008b500000, 0x000000008b600000|  0%| F|  |TAMS 0x000000008b500000| PB 0x000000008b500000| Untracked |  0
| 122|0x000000008b600000, 0x000000008b600000, 0x000000008b700000|  0%| F|  |TAMS 0x000000008b600000| PB 0x000000008b600000| Untracked |  0
| 123|0x000000008b700000, 0x000000008b700000, 0x000000008b800000|  0%| F|  |TAMS 0x000000008b700000| PB 0x000000008b700000| Untracked |  0
| 124|0x000000008b800000, 0x000000008b800000, 0x000000008b900000|  0%| F|  |TAMS 0x000000008b800000| PB 0x000000008b800000| Untracked |  0
| 125|0x000000008b900000, 0x000000008b900000, 0x000000008ba00000|  0%| F|  |TAMS 0x000000008b900000| PB 0x000000008b900000| Untracked |  0
| 126|0x000000008ba00000, 0x000000008ba00000, 0x000000008bb00000|  0%| F|  |TAMS 0x000000008ba00000| PB 0x000000008ba00000| Untracked |  0
| 127|0x000000008bb00000, 0x000000008bb00000, 0x000000008bc00000|  0%| F|  |TAMS 0x000000008bb00000| PB 0x000000008bb00000| Untracked |  0
| 128|0x000000008bc00000, 0x000000008bc00000, 0x000000008bd00000|  0%| F|  |TAMS 0x000000008bc00000| PB 0x000000008bc00000| Untracked |  0
| 129|0x000000008bd00000, 0x000000008bd00000, 0x000000008be00000|  0%| F|  |TAMS 0x000000008bd00000| PB 0x000000008bd00000| Untracked |  0
| 130|0x000000008be00000, 0x000000008be00000, 0x000000008bf00000|  0%| F|  |TAMS 0x000000008be00000| PB 0x000000008be00000| Untracked |  0
| 131|0x000000008bf00000, 0x000000008bf00000, 0x000000008c000000|  0%| F|  |TAMS 0x000000008bf00000| PB 0x000000008bf00000| Untracked |  0
| 132|0x000000008c000000, 0x000000008c000000, 0x000000008c100000|  0%| F|  |TAMS 0x000000008c000000| PB 0x000000008c000000| Untracked |  0
| 133|0x000000008c100000, 0x000000008c100000, 0x000000008c200000|  0%| F|  |TAMS 0x000000008c100000| PB 0x000000008c100000| Untracked |  0
| 134|0x000000008c200000, 0x000000008c200000, 0x000000008c300000|  0%| F|  |TAMS 0x000000008c200000| PB 0x000000008c200000| Untracked |  0
| 135|0x000000008c300000, 0x000000008c300000, 0x000000008c400000|  0%| F|  |TAMS 0x000000008c300000| PB 0x000000008c300000| Untracked |  0
| 136|0x000000008c400000, 0x000000008c400000, 0x000000008c500000|  0%| F|  |TAMS 0x000000008c400000| PB 0x000000008c400000| Untracked |  0
| 137|0x000000008c500000, 0x000000008c500000, 0x000000008c600000|  0%| F|  |TAMS 0x000000008c500000| PB 0x000000008c500000| Untracked |  0
| 138|0x000000008c600000, 0x000000008c600000, 0x000000008c700000|  0%| F|  |TAMS 0x000000008c600000| PB 0x000000008c600000| Untracked |  0
| 139|0x000000008c700000, 0x000000008c700000, 0x000000008c800000|  0%| F|  |TAMS 0x000000008c700000| PB 0x000000008c700000| Untracked |  0
| 140|0x000000008c800000, 0x000000008c800000, 0x000000008c900000|  0%| F|  |TAMS 0x000000008c800000| PB 0x000000008c800000| Untracked |  0
| 141|0x000000008c900000, 0x000000008c900000, 0x000000008ca00000|  0%| F|  |TAMS 0x000000008c900000| PB 0x000000008c900000| Untracked |  0
| 142|0x000000008ca00000, 0x000000008ca00000, 0x000000008cb00000|  0%| F|  |TAMS 0x000000008ca00000| PB 0x000000008ca00000| Untracked |  0
| 143|0x000000008cb00000, 0x000000008cb00000, 0x000000008cc00000|  0%| F|  |TAMS 0x000000008cb00000| PB 0x000000008cb00000| Untracked |  0
| 144|0x000000008cc00000, 0x000000008cc00000, 0x000000008cd00000|  0%| F|  |TAMS 0x000000008cc00000| PB 0x000000008cc00000| Untracked |  0
| 145|0x000000008cd00000, 0x000000008cd00000, 0x000000008ce00000|  0%| F|  |TAMS 0x000000008cd00000| PB 0x000000008cd00000| Untracked |  0
| 146|0x000000008ce00000, 0x000000008ce00000, 0x000000008cf00000|  0%| F|  |TAMS 0x000000008ce00000| PB 0x000000008ce00000| Untracked |  0
| 147|0x000000008cf00000, 0x000000008cf00000, 0x000000008d000000|  0%| F|  |TAMS 0x000000008cf00000| PB 0x000000008cf00000| Untracked |  0
| 148|0x000000008d000000, 0x000000008d000000, 0x000000008d100000|  0%| F|  |TAMS 0x000000008d000000| PB 0x000000008d000000| Untracked |  0
| 149|0x000000008d100000, 0x000000008d100000, 0x000000008d200000|  0%| F|  |TAMS 0x000000008d100000| PB 0x000000008d100000| Untracked |  0
| 150|0x000000008d200000, 0x000000008d200000, 0x000000008d300000|  0%| F|  |TAMS 0x000000008d200000| PB 0x000000008d200000| Untracked |  0
| 151|0x000000008d300000, 0x000000008d300000, 0x000000008d400000|  0%| F|  |TAMS 0x000000008d300000| PB 0x000000008d300000| Untracked |  0
| 152|0x000000008d400000, 0x000000008d400000, 0x000000008d500000|  0%| F|  |TAMS 0x000000008d400000| PB 0x000000008d400000| Untracked |  0
| 153|0x000000008d500000, 0x000000008d500000, 0x000000008d600000|  0%| F|  |TAMS 0x000000008d500000| PB 0x000000008d500000| Untracked |  0
| 154|0x000000008d600000, 0x000000008d600000, 0x000000008d700000|  0%| F|  |TAMS 0x000000008d600000| PB 0x000000008d600000| Untracked |  0
| 155|0x000000008d700000, 0x000000008d700000, 0x000000008d800000|  0%| F|  |TAMS 0x000000008d700000| PB 0x000000008d700000| Untracked |  0
| 156|0x000000008d800000, 0x000000008d800000, 0x000000008d900000|  0%| F|  |TAMS 0x000000008d800000| PB 0x000000008d800000| Untracked |  0
| 157|0x000000008d900000, 0x000000008d900000, 0x000000008da00000|  0%| F|  |TAMS 0x000000008d900000| PB 0x000000008d900000| Untracked |  0
| 158|0x000000008da00000, 0x000000008da00000, 0x000000008db00000|  0%| F|  |TAMS 0x000000008da00000| PB 0x000000008da00000| Untracked |  0
| 159|0x000000008db00000, 0x000000008db00000, 0x000000008dc00000|  0%| F|  |TAMS 0x000000008db00000| PB 0x000000008db00000| Untracked |  0
| 160|0x000000008dc00000, 0x000000008dc00000, 0x000000008dd00000|  0%| F|  |TAMS 0x000000008dc00000| PB 0x000000008dc00000| Untracked |  0
| 161|0x000000008dd00000, 0x000000008dd00000, 0x000000008de00000|  0%| F|  |TAMS 0x000000008dd00000| PB 0x000000008dd00000| Untracked |  0
| 162|0x000000008de00000, 0x000000008de00000, 0x000000008df00000|  0%| F|  |TAMS 0x000000008de00000| PB 0x000000008de00000| Untracked |  0
| 163|0x000000008df00000, 0x000000008df00000, 0x000000008e000000|  0%| F|  |TAMS 0x000000008df00000| PB 0x000000008df00000| Untracked |  0
| 164|0x000000008e000000, 0x000000008e000000, 0x000000008e100000|  0%| F|  |TAMS 0x000000008e000000| PB 0x000000008e000000| Untracked |  0
| 165|0x000000008e100000, 0x000000008e100000, 0x000000008e200000|  0%| F|  |TAMS 0x000000008e100000| PB 0x000000008e100000| Untracked |  0
| 166|0x000000008e200000, 0x000000008e200000, 0x000000008e300000|  0%| F|  |TAMS 0x000000008e200000| PB 0x000000008e200000| Untracked |  0
| 167|0x000000008e300000, 0x000000008e300000, 0x000000008e400000|  0%| F|  |TAMS 0x000000008e300000| PB 0x000000008e300000| Untracked |  0
| 168|0x000000008e400000, 0x000000008e400000, 0x000000008e500000|  0%| F|  |TAMS 0x000000008e400000| PB 0x000000008e400000| Untracked |  0
| 169|0x000000008e500000, 0x000000008e500000, 0x000000008e600000|  0%| F|  |TAMS 0x000000008e500000| PB 0x000000008e500000| Untracked |  0
| 170|0x000000008e600000, 0x000000008e600000, 0x000000008e700000|  0%| F|  |TAMS 0x000000008e600000| PB 0x000000008e600000| Untracked |  0
| 171|0x000000008e700000, 0x000000008e800000, 0x000000008e800000|100%| E|  |TAMS 0x000000008e700000| PB 0x000000008e700000| Complete |  0
| 172|0x000000008e800000, 0x000000008e900000, 0x000000008e900000|100%| E|CS|TAMS 0x000000008e800000| PB 0x000000008e800000| Complete |  0
| 173|0x000000008e900000, 0x000000008ea00000, 0x000000008ea00000|100%| E|CS|TAMS 0x000000008e900000| PB 0x000000008e900000| Complete |  0
| 174|0x000000008ea00000, 0x000000008eb00000, 0x000000008eb00000|100%| E|CS|TAMS 0x000000008ea00000| PB 0x000000008ea00000| Complete |  0
| 175|0x000000008eb00000, 0x000000008ec00000, 0x000000008ec00000|100%| E|CS|TAMS 0x000000008eb00000| PB 0x000000008eb00000| Complete |  0
| 176|0x000000008ec00000, 0x000000008ed00000, 0x000000008ed00000|100%| E|CS|TAMS 0x000000008ec00000| PB 0x000000008ec00000| Complete |  0
| 177|0x000000008ed00000, 0x000000008ee00000, 0x000000008ee00000|100%| E|CS|TAMS 0x000000008ed00000| PB 0x000000008ed00000| Complete |  0
| 178|0x000000008ee00000, 0x000000008ef00000, 0x000000008ef00000|100%| E|CS|TAMS 0x000000008ee00000| PB 0x000000008ee00000| Complete |  0
| 179|0x000000008ef00000, 0x000000008f000000, 0x000000008f000000|100%| E|CS|TAMS 0x000000008ef00000| PB 0x000000008ef00000| Complete |  0
| 180|0x000000008f000000, 0x000000008f100000, 0x000000008f100000|100%| E|CS|TAMS 0x000000008f000000| PB 0x000000008f000000| Complete |  0
| 181|0x000000008f100000, 0x000000008f200000, 0x000000008f200000|100%| E|CS|TAMS 0x000000008f100000| PB 0x000000008f100000| Complete |  0
| 182|0x000000008f200000, 0x000000008f300000, 0x000000008f300000|100%| E|CS|TAMS 0x000000008f200000| PB 0x000000008f200000| Complete |  0
| 183|0x000000008f300000, 0x000000008f400000, 0x000000008f400000|100%| E|CS|TAMS 0x000000008f300000| PB 0x000000008f300000| Complete |  0
| 184|0x000000008f400000, 0x000000008f500000, 0x000000008f500000|100%| E|CS|TAMS 0x000000008f400000| PB 0x000000008f400000| Complete |  0
| 185|0x000000008f500000, 0x000000008f600000, 0x000000008f600000|100%| E|CS|TAMS 0x000000008f500000| PB 0x000000008f500000| Complete |  0
| 186|0x000000008f600000, 0x000000008f700000, 0x000000008f700000|100%| E|CS|TAMS 0x000000008f600000| PB 0x000000008f600000| Complete |  0
| 187|0x000000008f700000, 0x000000008f800000, 0x000000008f800000|100%| E|CS|TAMS 0x000000008f700000| PB 0x000000008f700000| Complete |  0
| 188|0x000000008f800000, 0x000000008f900000, 0x000000008f900000|100%| E|CS|TAMS 0x000000008f800000| PB 0x000000008f800000| Complete |  0
| 189|0x000000008f900000, 0x000000008fa00000, 0x000000008fa00000|100%| E|CS|TAMS 0x000000008f900000| PB 0x000000008f900000| Complete |  0
| 190|0x000000008fa00000, 0x000000008fb00000, 0x000000008fb00000|100%| E|CS|TAMS 0x000000008fa00000| PB 0x000000008fa00000| Complete |  0
| 191|0x000000008fb00000, 0x000000008fc00000, 0x000000008fc00000|100%| E|CS|TAMS 0x000000008fb00000| PB 0x000000008fb00000| Complete |  0
| 192|0x000000008fc00000, 0x000000008fd00000, 0x000000008fd00000|100%| E|CS|TAMS 0x000000008fc00000| PB 0x000000008fc00000| Complete |  0
| 193|0x000000008fd00000, 0x000000008fe00000, 0x000000008fe00000|100%| E|CS|TAMS 0x000000008fd00000| PB 0x000000008fd00000| Complete |  0
| 194|0x000000008fe00000, 0x000000008ff00000, 0x000000008ff00000|100%| E|CS|TAMS 0x000000008fe00000| PB 0x000000008fe00000| Complete |  0
| 195|0x000000008ff00000, 0x0000000090000000, 0x0000000090000000|100%| E|CS|TAMS 0x000000008ff00000| PB 0x000000008ff00000| Complete |  0
|1986|0x00000000ffe00000, 0x00000000fff00000, 0x00000000fff00000|100%| O|  |TAMS 0x00000000ffe00000| PB 0x00000000ffe00000| Untracked |  0
|1987|0x00000000fff00000, 0x00000000fff1ec58, 0x0000000100000000| 12%| O|  |TAMS 0x00000000fff00000| PB 0x00000000fff00000| Untracked |  0

Card table byte_map: [0x00007f32ffc8b000,0x00007f330006d000] _byte_map_base: 0x00007f32ff86d000

Marking Bits: (CMBitMap*) 0x00007f3318081820
 Bits: [0x00007f32fdd7b000, 0x00007f32ffc8b000)

Polling page: 0x00007f331ea36000

Metaspace:

Usage:
  Non-class:     13.89 MB used.
      Class:      1.65 MB used.
       Both:     15.54 MB used.

Virtual space:
  Non-class space:       64.00 MB reserved,      14.19 MB ( 22%) committed,  1 nodes.
      Class space:        1.00 GB reserved,       1.88 MB ( <1%) committed,  1 nodes.
             Both:        1.06 GB reserved,      16.06 MB (  1%) committed. 

Chunk freelists:
   Non-Class:  1.61 MB
       Class:  14.08 MB
        Both:  15.69 MB

MaxMetaspaceSize: unlimited
CompressedClassSpaceSize: 1.00 GB
Initial GC threshold: 21.00 MB
Current GC threshold: 21.00 MB
CDS: on
 - commit_granule_bytes: 65536.
 - commit_granule_words: 8192.
 - virtual_space_node_default_size: 8388608.
 - enlarge_chunks_in_place: 1.
 - use_allocation_guard: 0.


Internal statistics:

num_allocs_failed_limit: 0.
num_arena_births: 568.
num_arena_deaths: 0.
num_vsnodes_births: 2.
num_vsnodes_deaths: 0.
num_space_committed: 257.
num_space_uncommitted: 0.
num_chunks_returned_to_freelist: 0.
num_chunks_taken_from_freelist: 1141.
num_chunk_merges: 0.
num_chunk_splits: 764.
num_chunks_enlarged: 480.
num_inconsistent_stats: 0.

CodeHeap 'non-profiled nmethods': size=120036Kb used=2882Kb max_used=2882Kb free=117153Kb
 bounds [0x00007f330831a000, 0x00007f33085fa000, 0x00007f330f853000]
CodeHeap 'profiled nmethods': size=120028Kb used=11476Kb max_used=11476Kb free=108552Kb
 bounds [0x00007f3300853000, 0x00007f3301393000, 0x00007f3307d8a000]
CodeHeap 'non-nmethods': size=5696Kb used=1417Kb max_used=1462Kb free=4278Kb
 bounds [0x00007f3307d8a000, 0x00007f3307ffa000, 0x00007f330831a000]
CodeCache: size=245760Kb, used=15775Kb, max_used=15820Kb, free=229983Kb
 total_blobs=6971, nmethods=6437, adapters=431, full_count=0
Compilation: enabled, stopped_count=0, restarted_count=0

Compilation events (20 events):
Event: 9.088 Thread 0x00007f3318152040 nmethod 6458 0x00007f3301384788 code [0x00007f33013848a0, 0x00007f33013849d0]
Event: 9.088 Thread 0x00007f3318152040 6460       2       jdk.internal.classfile.impl.BufWriterImpl::writeIndex (62 bytes)
Event: 9.088 Thread 0x00007f3318152040 nmethod 6460 0x00007f3301384a88 code [0x00007f3301384c40, 0x00007f3301385138]
Event: 9.089 Thread 0x00007f3318152040 6463       2       jdk.internal.classfile.impl.StackMapGenerator$Frame::checkAssignableTo (225 bytes)
Event: 9.089 Thread 0x00007f3318152040 nmethod 6463 0x00007f3301385208 code [0x00007f33013853a0, 0x00007f3301385960]
Event: 9.089 Thread 0x00007f3318152040 6464       2       jdk.internal.classfile.impl.StackMapGenerator::processExceptionHandlerTargets (125 bytes)
Event: 9.090 Thread 0x00007f3318152040 nmethod 6464 0x00007f3301385988 code [0x00007f3301385b00, 0x00007f3301385e50]
Event: 9.090 Thread 0x00007f3318152040 6465       2       jdk.internal.misc.Unsafe::convEndian (16 bytes)
Event: 9.090 Thread 0x00007f3318152040 nmethod 6465 0x00007f3301385e88 code [0x00007f3301385fa0, 0x00007f33013860a8]
Event: 9.090 Thread 0x00007f3318152040 6466       2       java.nio.HeapByteBuffer::getShort (30 bytes)
Event: 9.091 Thread 0x00007f3318150810 nmethod 6413 0x00007f33085e9808 code [0x00007f33085e9960, 0x00007f33085e9d90]
Event: 9.091 Thread 0x00007f3318150810 6409       4       com.sun.tools.javac.comp.Flow$FlowAnalyzer::errorUncaught (209 bytes)
Event: 9.091 Thread 0x00007f3318152040 nmethod 6466 0x00007f3301386188 code [0x00007f33013862e0, 0x00007f3301386630]
Event: 9.091 Thread 0x00007f3318152040 6467   !   2       jdk.internal.misc.ScopedMemoryAccess::getShortUnaligned (18 bytes)
Event: 9.092 Thread 0x00007f3318152040 nmethod 6467 0x00007f3301386708 code [0x00007f3301386860, 0x00007f3301386af0]
Event: 9.092 Thread 0x00007f3318152040 6473       3       java.lang.invoke.InvokerBytecodeGenerator::emitImplicitConversion (161 bytes)
Event: 9.094 Thread 0x00007f3318152040 nmethod 6473 0x00007f3301386b88 code [0x00007f3301386e20, 0x00007f3301387c30]
Event: 9.094 Thread 0x00007f3318152040 6477       3       java.lang.invoke.LambdaForm$BasicType::basicTypeSlots (8 bytes)
Event: 9.094 Thread 0x00007f3318152040 nmethod 6477 0x00007f3301387d08 code [0x00007f3301387e20, 0x00007f3301387f90]
Event: 9.094 Thread 0x00007f3318152040 6474       2       jdk.internal.org.objectweb.asm.Frame::setInputFrameFromDescriptor (175 bytes)

GC Heap History (20 events):
Event: 1.805 GC heap before
{Heap before GC invocations=3 (full 0):
 garbage-first heap   total reserved 2035712K, committed 131072K, used 39291K [0x0000000083c00000, 0x0000000100000000)
  region size 1024K, 22 young (22528K), 5 survivors (5120K)
 Metaspace       used 10125K, committed 10368K, reserved 1114112K
  class space    used 1146K, committed 1280K, reserved 1048576K
}
Event: 1.816 GC heap after
{Heap after GC invocations=4 (full 0):
 garbage-first heap   total reserved 2035712K, committed 131072K, used 22059K [0x0000000083c00000, 0x0000000100000000)
  region size 1024K, 3 young (3072K), 3 survivors (3072K)
 Metaspace       used 10125K, committed 10368K, reserved 1114112K
  class space    used 1146K, committed 1280K, reserved 1048576K
}
Event: 2.732 GC heap before
{Heap before GC invocations=4 (full 0):
 garbage-first heap   total reserved 2035712K, committed 131072K, used 69163K [0x0000000083c00000, 0x0000000100000000)
  region size 1024K, 45 young (46080K), 3 survivors (3072K)
 Metaspace       used 11343K, committed 11520K, reserved 1114112K
  class space    used 1247K, committed 1344K, reserved 1048576K
}
Event: 2.742 GC heap after
{Heap after GC invocations=5 (full 0):
 garbage-first heap   total reserved 2035712K, committed 131072K, used 27732K [0x0000000083c00000, 0x0000000100000000)
  region size 1024K, 6 young (6144K), 6 survivors (6144K)
 Metaspace       used 11343K, committed 11520K, reserved 1114112K
  class space    used 1247K, committed 1344K, reserved 1048576K
}
Event: 3.623 GC heap before
{Heap before GC invocations=5 (full 0):
 garbage-first heap   total reserved 2035712K, committed 131072K, used 78932K [0x0000000083c00000, 0x0000000100000000)
  region size 1024K, 56 young (57344K), 6 survivors (6144K)
 Metaspace       used 11620K, committed 11840K, reserved 1114112K
  class space    used 1247K, committed 1344K, reserved 1048576K
}
Event: 3.632 GC heap after
{Heap after GC invocations=6 (full 0):
 garbage-first heap   total reserved 2035712K, committed 168960K, used 29412K [0x0000000083c00000, 0x0000000100000000)
  region size 1024K, 2 young (2048K), 2 survivors (2048K)
 Metaspace       used 11620K, committed 11840K, reserved 1114112K
  class space    used 1247K, committed 1344K, reserved 1048576K
}
Event: 4.792 GC heap before
{Heap before GC invocations=6 (full 0):
 garbage-first heap   total reserved 2035712K, committed 168960K, used 109284K [0x0000000083c00000, 0x0000000100000000)
  region size 1024K, 76 young (77824K), 2 survivors (2048K)
 Metaspace       used 12882K, committed 13184K, reserved 1114112K
  class space    used 1406K, committed 1536K, reserved 1048576K
}
Event: 4.820 GC heap after
{Heap after GC invocations=7 (full 0):
 garbage-first heap   total reserved 2035712K, committed 168960K, used 38880K [0x0000000083c00000, 0x0000000100000000)
  region size 1024K, 10 young (10240K), 10 survivors (10240K)
 Metaspace       used 12882K, committed 13184K, reserved 1114112K
  class space    used 1406K, committed 1536K, reserved 1048576K
}
Event: 5.768 GC heap before
{Heap before GC invocations=7 (full 0):
 garbage-first heap   total reserved 2035712K, committed 168960K, used 115680K [0x0000000083c00000, 0x0000000100000000)
  region size 1024K, 81 young (82944K), 10 survivors (10240K)
 Metaspace       used 14747K, committed 15104K, reserved 1114112K
  class space    used 1612K, committed 1728K, reserved 1048576K
}
Event: 5.776 GC heap after
{Heap after GC invocations=8 (full 0):
 garbage-first heap   total reserved 2035712K, committed 168960K, used 34457K [0x0000000083c00000, 0x0000000100000000)
  region size 1024K, 5 young (5120K), 5 survivors (5120K)
 Metaspace       used 14747K, committed 15104K, reserved 1114112K
  class space    used 1612K, committed 1728K, reserved 1048576K
}
Event: 6.396 GC heap before
{Heap before GC invocations=8 (full 0):
 garbage-first heap   total reserved 2035712K, committed 168960K, used 126617K [0x0000000083c00000, 0x0000000100000000)
  region size 1024K, 87 young (89088K), 5 survivors (5120K)
 Metaspace       used 14904K, committed 15296K, reserved 1114112K
  class space    used 1621K, committed 1792K, reserved 1048576K
}
Event: 6.406 GC heap after
{Heap after GC invocations=9 (full 0):
 garbage-first heap   total reserved 2035712K, committed 168960K, used 40635K [0x0000000083c00000, 0x0000000100000000)
  region size 1024K, 10 young (10240K), 10 survivors (10240K)
 Metaspace       used 14904K, committed 15296K, reserved 1114112K
  class space    used 1621K, committed 1792K, reserved 1048576K
}
Event: 7.088 GC heap before
{Heap before GC invocations=9 (full 0):
 garbage-first heap   total reserved 2035712K, committed 168960K, used 128699K [0x0000000083c00000, 0x0000000100000000)
  region size 1024K, 89 young (91136K), 10 survivors (10240K)
 Metaspace       used 14940K, committed 15296K, reserved 1114112K
  class space    used 1622K, committed 1792K, reserved 1048576K
}
Event: 7.106 GC heap after
{Heap after GC invocations=10 (full 0):
 garbage-first heap   total reserved 2035712K, committed 168960K, used 44481K [0x0000000083c00000, 0x0000000100000000)
  region size 1024K, 12 young (12288K), 12 survivors (12288K)
 Metaspace       used 14940K, committed 15296K, reserved 1114112K
  class space    used 1622K, committed 1792K, reserved 1048576K
}
Event: 7.753 GC heap before
{Heap before GC invocations=10 (full 0):
 garbage-first heap   total reserved 2035712K, committed 168960K, used 130497K [0x0000000083c00000, 0x0000000100000000)
  region size 1024K, 92 young (94208K), 12 survivors (12288K)
 Metaspace       used 15323K, committed 15744K, reserved 1114112K
  class space    used 1632K, committed 1792K, reserved 1048576K
}
Event: 7.762 GC heap after
{Heap after GC invocations=11 (full 0):
 garbage-first heap   total reserved 2035712K, committed 168960K, used 40348K [0x0000000083c00000, 0x0000000100000000)
  region size 1024K, 9 young (9216K), 9 survivors (9216K)
 Metaspace       used 15323K, committed 15744K, reserved 1114112K
  class space    used 1632K, committed 1792K, reserved 1048576K
}
Event: 8.193 GC heap before
{Heap before GC invocations=11 (full 0):
 garbage-first heap   total reserved 2035712K, committed 168960K, used 132508K [0x0000000083c00000, 0x0000000100000000)
  region size 1024K, 93 young (95232K), 9 survivors (9216K)
 Metaspace       used 15544K, committed 16064K, reserved 1114112K
  class space    used 1670K, committed 1920K, reserved 1048576K
}
Event: 8.198 GC heap after
{Heap after GC invocations=12 (full 0):
 garbage-first heap   total reserved 2035712K, committed 202752K, used 35826K [0x0000000083c00000, 0x0000000100000000)
  region size 1024K, 3 young (3072K), 3 survivors (3072K)
 Metaspace       used 15544K, committed 16064K, reserved 1114112K
  class space    used 1670K, committed 1920K, reserved 1048576K
}
Event: 8.828 GC heap before
{Heap before GC invocations=12 (full 0):
 garbage-first heap   total reserved 2035712K, committed 202752K, used 151538K [0x0000000083c00000, 0x0000000100000000)
  region size 1024K, 108 young (110592K), 3 survivors (3072K)
 Metaspace       used 15593K, committed 16064K, reserved 1114112K
  class space    used 1670K, committed 1920K, reserved 1048576K
}
Event: 8.850 GC heap after
{Heap after GC invocations=13 (full 0):
 garbage-first heap   total reserved 2035712K, committed 202752K, used 48114K [0x0000000083c00000, 0x0000000100000000)
  region size 1024K, 14 young (14336K), 14 survivors (14336K)
 Metaspace       used 15593K, committed 16064K, reserved 1114112K
  class space    used 1670K, committed 1920K, reserved 1048576K
}

Dll operation events (8 events):
Event: 0.003 Loaded shared library /root/.sdkman/candidates/java/23.0.1-oracle/lib/libjava.so
Event: 0.032 Loaded shared library /root/.sdkman/candidates/java/23.0.1-oracle/lib/libjsvml.so
Event: 0.081 Loaded shared library /root/.sdkman/candidates/java/23.0.1-oracle/lib/libnio.so
Event: 0.082 Loaded shared library /root/.sdkman/candidates/java/23.0.1-oracle/lib/libjimage.so
Event: 0.092 Loaded shared library /root/.sdkman/candidates/java/23.0.1-oracle/lib/libnet.so
Event: 4.179 Loaded shared library /root/.sdkman/candidates/java/23.0.1-oracle/lib/libjava.so
Event: 4.194 Loaded shared library /root/.sdkman/candidates/java/23.0.1-oracle/lib/server/libjvm.so
Event: 5.189 Loaded shared library /root/.sdkman/candidates/java/23.0.1-oracle/lib/libsyslookup.so

Deoptimization events (20 events):
Event: 7.951 Thread 0x00007f3318029cf0 DEOPT PACKING pc=0x00007f3300a44486 sp=0x00007f331ea23a70
Event: 7.951 Thread 0x00007f3318029cf0 DEOPT UNPACKING pc=0x00007f3307dde3f0 sp=0x00007f331ea22fd8 mode 0
Event: 8.002 Thread 0x00007f3318029cf0 DEOPT PACKING pc=0x00007f33011a915b sp=0x00007f331ea22110
Event: 8.002 Thread 0x00007f3318029cf0 DEOPT UNPACKING pc=0x00007f3307dde3f0 sp=0x00007f331ea215c8 mode 0
Event: 8.031 Thread 0x00007f3318029cf0 DEOPT PACKING pc=0x00007f3300a44486 sp=0x00007f331ea21330
Event: 8.031 Thread 0x00007f3318029cf0 DEOPT UNPACKING pc=0x00007f3307dde3f0 sp=0x00007f331ea20898 mode 0
Event: 8.316 Thread 0x00007f3318029cf0 DEOPT PACKING pc=0x00007f3300c3daba sp=0x00007f331ea250d0
Event: 8.316 Thread 0x00007f3318029cf0 DEOPT UNPACKING pc=0x00007f3307dde3f0 sp=0x00007f331ea24588 mode 0
Event: 8.376 Thread 0x00007f3318029cf0 Uncommon trap: trap_request=0xffffff45 fr.pc=0x00007f330858fd6c relative=0x00000000000009cc
Event: 8.376 Thread 0x00007f3318029cf0 Uncommon trap: reason=unstable_if action=reinterpret pc=0x00007f330858fd6c method=java.util.HashMap.removeNode(ILjava/lang/Object;Ljava/lang/Object;ZZ)Ljava/util/HashMap$Node; @ 97 c2
Event: 8.376 Thread 0x00007f3318029cf0 DEOPT PACKING pc=0x00007f330858fd6c sp=0x00007f331ea23aa0
Event: 8.376 Thread 0x00007f3318029cf0 DEOPT UNPACKING pc=0x00007f3307dddc73 sp=0x00007f331ea23a40 mode 2
Event: 8.727 Thread 0x00007f3318029cf0 DEOPT PACKING pc=0x00007f330107c190 sp=0x00007f331ea24e80
Event: 8.727 Thread 0x00007f3318029cf0 DEOPT UNPACKING pc=0x00007f3307dde3f0 sp=0x00007f331ea24388 mode 0
Event: 8.748 Thread 0x00007f3318029cf0 Uncommon trap: trap_request=0xffffff45 fr.pc=0x00007f3308579d8c relative=0x0000000000002cac
Event: 8.748 Thread 0x00007f3318029cf0 Uncommon trap: reason=unstable_if action=reinterpret pc=0x00007f3308579d8c method=com.sun.tools.javac.code.Types$SignatureGenerator.assembleSig(Lcom/sun/tools/javac/code/Type;)V @ 11 c2
Event: 8.748 Thread 0x00007f3318029cf0 DEOPT PACKING pc=0x00007f3308579d8c sp=0x00007f331ea24c30
Event: 8.748 Thread 0x00007f3318029cf0 DEOPT UNPACKING pc=0x00007f3307dddc73 sp=0x00007f331ea24c28 mode 2
Event: 9.019 Thread 0x00007f3318029cf0 DEOPT PACKING pc=0x00007f3300e94d30 sp=0x00007f331ea23d10
Event: 9.019 Thread 0x00007f3318029cf0 DEOPT UNPACKING pc=0x00007f3307dde3f0 sp=0x00007f331ea23270 mode 0

Classes loaded (20 events):
Event: 7.857 Loading class jdk/internal/classfile/impl/AbstractPoolEntry$LongEntryImpl
Event: 7.857 Loading class jdk/internal/classfile/impl/AbstractPoolEntry$PrimitiveEntry
Event: 7.857 Loading class jdk/internal/classfile/impl/AbstractPoolEntry$PrimitiveEntry done
Event: 7.857 Loading class jdk/internal/classfile/impl/AbstractPoolEntry$LongEntryImpl done
Event: 7.858 Loading class jdk/internal/foreign/abi/BindingSpecializer$1
Event: 7.858 Loading class jdk/internal/foreign/abi/BindingSpecializer$1 done
Event: 7.858 Loading class jdk/internal/foreign/abi/Binding$Cast$1
Event: 7.858 Loading class jdk/internal/foreign/abi/Binding$Cast$1 done
Event: 7.866 Loading class jdk/internal/foreign/abi/UpcallStubs
Event: 7.866 Loading class jdk/internal/foreign/abi/UpcallStubs done
Event: 7.866 Loading class jdk/internal/foreign/abi/UpcallStubs$1
Event: 7.866 Loading class jdk/internal/foreign/abi/UpcallStubs$1 done
Event: 9.073 Loading class jdk/internal/foreign/StringSupport$CharsetKind
Event: 9.073 Loading class jdk/internal/foreign/StringSupport$CharsetKind done
Event: 9.074 Loading class jdk/internal/foreign/StringSupport
Event: 9.074 Loading class jdk/internal/foreign/StringSupport done
Event: 9.074 Loading class jdk/internal/foreign/Utils$BaseAndScale
Event: 9.074 Loading class jdk/internal/foreign/Utils$BaseAndScale done
Event: 9.076 Loading class java/lang/invoke/VarHandleSegmentAsBytes
Event: 9.076 Loading class java/lang/invoke/VarHandleSegmentAsBytes done

Classes unloaded (0 events):
No events

Classes redefined (0 events):
No events

Internal exceptions (20 events):
Event: 7.847 Thread 0x00007f3318029cf0 Exception <a 'java/lang/NoSuchMethodError'{0x000000008d24f8d8}: 'int java.lang.invoke.DirectMethodHandle$Holder.invokeStaticInit(java.lang.Object, java.lang.Object, java.lang.Object, long, long, java.lang.Object, java.lang.Object)'> (0x000000008d24f8d8) 
thrown [open/src/hotspot/share/interpreter/linkResolver.cpp, line 795]
Event: 7.848 Thread 0x00007f3318029cf0 Exception <a 'java/lang/NoSuchMethodError'{0x000000008d256c38}: 'int java.lang.invoke.DelegatingMethodHandle$Holder.reinvoke_L(java.lang.Object, java.lang.Object, java.lang.Object, long, long, java.lang.Object, java.lang.Object)'> (0x000000008d256c38) 
thrown [open/src/hotspot/share/interpreter/linkResolver.cpp, line 795]
Event: 7.849 Thread 0x00007f3318029cf0 Exception <a 'java/lang/NoSuchMethodError'{0x000000008d264db0}: 'int java.lang.invoke.DirectMethodHandle$Holder.invokeSpecial(java.lang.Object, java.lang.Object, java.lang.Object, long, long, java.lang.Object, java.lang.Object)'> (0x000000008d264db0) 
thrown [open/src/hotspot/share/interpreter/linkResolver.cpp, line 795]
Event: 7.850 Thread 0x00007f3318029cf0 Exception <a 'java/lang/NoSuchMethodError'{0x000000008d268160}: 'int java.lang.invoke.DelegatingMethodHandle$Holder.reinvoke_L(java.lang.Object, java.lang.Object, long, long, java.lang.Object, java.lang.Object)'> (0x000000008d268160) 
thrown [open/src/hotspot/share/interpreter/linkResolver.cpp, line 795]
Event: 7.850 Thread 0x00007f3318029cf0 Exception <a 'java/lang/IncompatibleClassChangeError'{0x000000008d26ec80}: Found class java.lang.Object, but interface was expected> (0x000000008d26ec80) 
thrown [open/src/hotspot/share/interpreter/linkResolver.cpp, line 863]
Event: 7.853 Thread 0x00007f3318029cf0 Exception <a 'java/lang/NoSuchMethodError'{0x000000008d2777c0}: 'java.lang.Object java.lang.invoke.DirectMethodHandle$Holder.invokeStaticInit(java.lang.Object, java.lang.Object, java.lang.Object, java.lang.Object)'> (0x000000008d2777c0) 
thrown [open/src/hotspot/share/interpreter/linkResolver.cpp, line 795]
Event: 7.863 Thread 0x00007f3318029cf0 Exception <a 'java/lang/NoSuchMethodError'{0x000000008d2b0290}: 'int java.lang.invoke.DelegatingMethodHandle$Holder.reinvoke_L(java.lang.Object, java.lang.Object, long, long, long, long)'> (0x000000008d2b0290) 
thrown [open/src/hotspot/share/interpreter/linkResolver.cpp, line 795]
Event: 7.864 Thread 0x00007f3318029cf0 Exception <a 'java/lang/NoSuchMethodError'{0x000000008d2b8c98}: 'int java.lang.invoke.DirectMethodHandle$Holder.invokeSpecial(java.lang.Object, java.lang.Object, long, long, long, long)'> (0x000000008d2b8c98) 
thrown [open/src/hotspot/share/interpreter/linkResolver.cpp, line 795]
Event: 7.865 Thread 0x00007f3318029cf0 Exception <a 'java/lang/NoSuchMethodError'{0x000000008d2bbe48}: 'int java.lang.invoke.Invokers$Holder.exactInvoker(java.lang.Object, java.lang.Object, long, long, long, long)'> (0x000000008d2bbe48) 
thrown [open/src/hotspot/share/interpreter/linkResolver.cpp, line 795]
Event: 7.865 Thread 0x00007f3318029cf0 Exception <a 'java/lang/NoSuchMethodError'{0x000000008d2bf5c0}: 'int java.lang.invoke.DelegatingMethodHandle$Holder.delegate(java.lang.Object, java.lang.Object, long, long, long, long)'> (0x000000008d2bf5c0) 
thrown [open/src/hotspot/share/interpreter/linkResolver.cpp, line 795]
Event: 7.959 Thread 0x00007f3318029cf0 Exception <a 'java/lang/NoSuchMethodError'{0x000000008bb1da58}: 'java.lang.Object java.lang.invoke.DirectMethodHandle$Holder.invokeStatic(java.lang.Object, java.lang.Object, java.lang.Object, java.lang.Object, int)'> (0x000000008bb1da58) 
thrown [open/src/hotspot/share/interpreter/linkResolver.cpp, line 795]
Event: 7.959 Thread 0x00007f3318029cf0 Exception <a 'java/lang/NoSuchMethodError'{0x000000008bb215a8}: 'java.lang.Object java.lang.invoke.DirectMethodHandle$Holder.invokeStaticInit(java.lang.Object, java.lang.Object, java.lang.Object, java.lang.Object, int)'> (0x000000008bb215a8) 
thrown [open/src/hotspot/share/interpreter/linkResolver.cpp, line 795]
Event: 7.959 Thread 0x00007f3318029cf0 Exception <a 'java/lang/NoSuchMethodError'{0x000000008bb25428}: 'java.lang.Object java.lang.invoke.DirectMethodHandle$Holder.invokeSpecial(java.lang.Object, java.lang.Object, java.lang.Object, java.lang.Object, java.lang.Object, int)'> (0x000000008bb25428) 
thrown [open/src/hotspot/share/interpreter/linkResolver.cpp, line 795]
Event: 7.960 Thread 0x00007f3318029cf0 Exception <a 'java/lang/NoSuchMethodError'{0x000000008bb28f90}: 'java.lang.Object java.lang.invoke.DelegatingMethodHandle$Holder.reinvoke_L(java.lang.Object, java.lang.Object, java.lang.Object, java.lang.Object, int)'> (0x000000008bb28f90) 
thrown [open/src/hotspot/share/interpreter/linkResolver.cpp, line 795]
Event: 7.961 Thread 0x00007f3318029cf0 Exception <a 'java/lang/NoSuchMethodError'{0x000000008bb39af8}: 'java.lang.Object java.lang.invoke.Invokers$Holder.invokeExact_MT(java.lang.Object, java.lang.Object, int, java.lang.Object)'> (0x000000008bb39af8) 
thrown [open/src/hotspot/share/interpreter/linkResolver.cpp, line 795]
Event: 9.077 Thread 0x00007f3318029cf0 Exception <a 'java/lang/NoSuchMethodError'{0x000000008e773090}: 'java.lang.Object java.lang.invoke.DirectMethodHandle$Holder.invokeInterface(java.lang.Object, java.lang.Object, java.lang.Object, java.lang.Object)'> (0x000000008e773090) 
thrown [open/src/hotspot/share/interpreter/linkResolver.cpp, line 795]
Event: 9.083 Thread 0x00007f3318029cf0 Exception <a 'java/lang/NoSuchMethodError'{0x000000008e797e38}: 'java.lang.Object java.lang.invoke.Invokers$Holder.invokeExact_MT(java.lang.Object, java.lang.Object, java.lang.Object, java.lang.Object, java.lang.Object)'> (0x000000008e797e38) 
thrown [open/src/hotspot/share/interpreter/linkResolver.cpp, line 795]
Event: 9.090 Thread 0x00007f3318029cf0 Exception <a 'java/lang/NoSuchMethodError'{0x000000008e7c4380}: 'int java.lang.invoke.DirectMethodHandle$Holder.invokeStaticInit(java.lang.Object, java.lang.Object, java.lang.Object, java.lang.Object, java.lang.Object, int, java.lang.Object, java.lang.Object)'> (0x000000008e7c4380) 
thrown [open/src/hotspot/share/interpreter/linkResolver.cpp, line 795]
Event: 9.091 Thread 0x00007f3318029cf0 Exception <a 'java/lang/NoSuchMethodError'{0x000000008e7cbc30}: 'int java.lang.invoke.DelegatingMethodHandle$Holder.reinvoke_L(java.lang.Object, java.lang.Object, java.lang.Object, java.lang.Object, java.lang.Object, int, java.lang.Object, java.lang.Object)'> (0x000000008e7cbc30) 
thrown [open/src/hotspot/share/interpreter/linkResolver.cpp, line 795]
Event: 9.093 Thread 0x00007f3318029cf0 Exception <a 'java/lang/NoSuchMethodError'{0x000000008e7da340}: 'int java.lang.invoke.DirectMethodHandle$Holder.invokeSpecial(java.lang.Object, java.lang.Object, java.lang.Object, java.lang.Object, java.lang.Object, int, java.lang.Object, java.lang.Object)'> (0x000000008e7da340) 
thrown [open/src/hotspot/share/interpreter/linkResolver.cpp, line 795]

VM Operations (20 events):
Event: 4.820 Executing VM operation: G1CollectForAllocation (G1 Evacuation Pause) done
Event: 5.206 Executing VM operation: HandshakeAllThreads (Deoptimize)
Event: 5.206 Executing VM operation: HandshakeAllThreads (Deoptimize) done
Event: 5.768 Executing VM operation: G1CollectForAllocation (G1 Evacuation Pause)
Event: 5.776 Executing VM operation: G1CollectForAllocation (G1 Evacuation Pause) done
Event: 6.094 Executing VM operation: SetNotifyJvmtiEventsMode
Event: 6.094 Executing VM operation: SetNotifyJvmtiEventsMode done
Event: 6.396 Executing VM operation: G1CollectForAllocation (G1 Evacuation Pause)
Event: 6.406 Executing VM operation: G1CollectForAllocation (G1 Evacuation Pause) done
Event: 7.088 Executing VM operation: G1CollectForAllocation (G1 Evacuation Pause)
Event: 7.106 Executing VM operation: G1CollectForAllocation (G1 Evacuation Pause) done
Event: 7.753 Executing VM operation: G1CollectForAllocation (G1 Evacuation Pause)
Event: 7.762 Executing VM operation: G1CollectForAllocation (G1 Evacuation Pause) done
Event: 8.192 Executing VM operation: G1CollectForAllocation (G1 Evacuation Pause)
Event: 8.198 Executing VM operation: G1CollectForAllocation (G1 Evacuation Pause) done
Event: 8.828 Executing VM operation: G1CollectForAllocation (G1 Evacuation Pause)
Event: 8.850 Executing VM operation: G1CollectForAllocation (G1 Evacuation Pause) done
Event: 9.094 Executing VM operation: HandshakeAllThreads (EscapeBarrierSuspendAll)
Event: 9.094 Executing VM operation: HandshakeAllThreads (EscapeBarrierSuspendAll) done
Event: 9.094 Executing VM operation: HeapIterateOperation

Memory protections (11 events):
Event: 0.003 Protecting memory [0x00007f331e927000,0x00007f331e92b000] with protection modes 0
Event: 0.030 Protecting memory [0x00007f32fd0ef000,0x00007f32fd0f3000] with protection modes 0
Event: 0.030 Protecting memory [0x00007f32fcfee000,0x00007f32fcff2000] with protection modes 0
Event: 0.031 Protecting memory [0x00007f32fceed000,0x00007f32fcef1000] with protection modes 0
Event: 0.031 Protecting memory [0x00007f32fcdec000,0x00007f32fcdf0000] with protection modes 0
Event: 0.031 Protecting memory [0x00007f32fcceb000,0x00007f32fccef000] with protection modes 0
Event: 0.031 Protecting memory [0x00007f32fcbea000,0x00007f32fcbee000] with protection modes 0
Event: 0.032 Protecting memory [0x00007f32fcae9000,0x00007f32fcaed000] with protection modes 0
Event: 0.056 Protecting memory [0x00007f32fc918000,0x00007f32fc91c000] with protection modes 0
Event: 0.079 Protecting memory [0x00007f32fc817000,0x00007f32fc81b000] with protection modes 0
Event: 0.608 Protecting memory [0x00007f32fc716000,0x00007f32fc71a000] with protection modes 0

Nmethod flushes (0 events):
No events

Events (11 events):
Event: 0.019 Thread 0x00007f3318029cf0 Thread added: 0x00007f3318029cf0
Event: 0.030 Thread 0x00007f3318029cf0 Thread added: 0x00007f3318148f30
Event: 0.030 Thread 0x00007f3318029cf0 Thread added: 0x00007f331814a570
Event: 0.031 Thread 0x00007f3318029cf0 Thread added: 0x00007f331814bea0
Event: 0.031 Thread 0x00007f3318029cf0 Thread added: 0x00007f331814d510
Event: 0.031 Thread 0x00007f3318029cf0 Thread added: 0x00007f331814ebb0
Event: 0.031 Thread 0x00007f3318029cf0 Thread added: 0x00007f3318150810
Event: 0.032 Thread 0x00007f3318029cf0 Thread added: 0x00007f3318152040
Event: 0.056 Thread 0x00007f3318029cf0 Thread added: 0x00007f33181827e0
Event: 0.079 Thread 0x00007f3318029cf0 Thread added: 0x00007f33181d5d80
Event: 0.608 Thread 0x00007f3318152040 Thread added: 0x00007f3274269bc0


Dynamic libraries:
83c00000-90000000 rw-p 00000000 00:00 0 
90000000-ffe00000 ---p 00000000 00:00 0 
ffe00000-fff1f000 rw-p 00dc0000 fd:00 1194947                            /root/.sdkman/candidates/java/23.0.1-oracle/lib/server/classes.jsa
fff1f000-100000000 rw-p 00000000 00:00 0 
5591b4ffd000-5591b4ffe000 r-xp 00000000 fd:00 100838623                  /root/.sdkman/candidates/java/23.0.1-oracle/bin/java
5591b4fff000-5591b5000000 r--p 00001000 fd:00 100838623                  /root/.sdkman/candidates/java/23.0.1-oracle/bin/java
5591b5000000-5591b5001000 rw-p 00002000 fd:00 100838623                  /root/.sdkman/candidates/java/23.0.1-oracle/bin/java
5591b5953000-5591b5999000 rw-p 00000000 00:00 0                          [heap]
7f3258000000-7f3258021000 rw-p 00000000 00:00 0 
7f3258021000-7f325c000000 ---p 00000000 00:00 0 
7f325c000000-7f325c021000 rw-p 00000000 00:00 0 
7f325c021000-7f3260000000 ---p 00000000 00:00 0 
7f3260000000-7f3261197000 rw-p 00000000 00:00 0 
7f3261197000-7f3264000000 ---p 00000000 00:00 0 
7f3264000000-7f3264021000 rw-p 00000000 00:00 0 
7f3264021000-7f3268000000 ---p 00000000 00:00 0 
7f3268000000-7f3268021000 rw-p 00000000 00:00 0 
7f3268021000-7f326c000000 ---p 00000000 00:00 0 
7f326c000000-7f326c021000 rw-p 00000000 00:00 0 
7f326c021000-7f3270000000 ---p 00000000 00:00 0 
7f3270000000-7f3271316000 rw-p 00000000 00:00 0 
7f3271316000-7f3274000000 ---p 00000000 00:00 0 
7f3274000000-7f327515a000 rw-p 00000000 00:00 0 
7f327515a000-7f3278000000 ---p 00000000 00:00 0 
7f3278000000-7f3278021000 rw-p 00000000 00:00 0 
7f3278021000-7f327c000000 ---p 00000000 00:00 0 
7f327c000000-7f327c021000 rw-p 00000000 00:00 0 
7f327c021000-7f3280000000 ---p 00000000 00:00 0 
7f3280000000-7f3280021000 rw-p 00000000 00:00 0 
7f3280021000-7f3284000000 ---p 00000000 00:00 0 
7f3284000000-7f3284021000 rw-p 00000000 00:00 0 
7f3284021000-7f3288000000 ---p 00000000 00:00 0 
7f3288000000-7f3288021000 rw-p 00000000 00:00 0 
7f3288021000-7f328c000000 ---p 00000000 00:00 0 
7f328dabd000-7f3294000000 r--p 00000000 fd:00 100664795                  /usr/lib/locale/locale-archive
7f3294000000-7f32941ca000 rw-p 00000000 00:00 0 
7f32941ca000-7f3298000000 ---p 00000000 00:00 0 
7f329a000000-7f329a3c0000 rw-p 00000000 00:00 0 
7f329a3c0000-7f329a400000 ---p 00000000 00:00 0 
7f329a400000-7f329ae70000 rw-p 00000000 00:00 0 
7f329ae70000-7f329e000000 ---p 00000000 00:00 0 
7f329e000000-7f329ed91000 rw-p 00001000 fd:00 1194947                    /root/.sdkman/candidates/java/23.0.1-oracle/lib/server/classes.jsa
7f329ed91000-7f329f000000 ---p 00000000 00:00 0 
7f329f000000-7f329f040000 rw-p 00000000 00:00 0 
7f329f040000-7f329f080000 rw-p 00000000 00:00 0 
7f329f080000-7f329f1b0000 rw-p 00000000 00:00 0 
7f329f1b0000-7f329f1c0000 ---p 00000000 00:00 0 
7f329f1c0000-7f329f1f0000 rw-p 00000000 00:00 0 
7f329f1f0000-7f32df000000 ---p 00000000 00:00 0 
7f32e0000000-7f32e0021000 rw-p 00000000 00:00 0 
7f32e0021000-7f32e4000000 ---p 00000000 00:00 0 
7f32e4000000-7f32e4021000 rw-p 00000000 00:00 0 
7f32e4021000-7f32e8000000 ---p 00000000 00:00 0 
7f32e8000000-7f32e8021000 rw-p 00000000 00:00 0 
7f32e8021000-7f32ec000000 ---p 00000000 00:00 0 
7f32ee000000-7f32f0000000 rw-p 00000000 00:00 0 
7f32f0000000-7f32f0021000 rw-p 00000000 00:00 0 
7f32f0021000-7f32f4000000 ---p 00000000 00:00 0 
7f32f4000000-7f32f4021000 rw-p 00000000 00:00 0 
7f32f4021000-7f32f8000000 ---p 00000000 00:00 0 
7f32f8000000-7f32f8021000 rw-p 00000000 00:00 0 
7f32f8021000-7f32fc000000 ---p 00000000 00:00 0 
7f32fc14a000-7f32fc412000 rw-p 00000000 00:00 0 
7f32fc412000-7f32fc413000 ---p 00000000 00:00 0 
7f32fc413000-7f32fc513000 rw-p 00000000 00:00 0 
7f32fc513000-7f32fc514000 ---p 00000000 00:00 0 
7f32fc514000-7f32fc614000 rw-p 00000000 00:00 0 
7f32fc614000-7f32fc615000 ---p 00000000 00:00 0 
7f32fc615000-7f32fc715000 rw-p 00000000 00:00 0 
7f32fc715000-7f32fc71a000 ---p 00000000 00:00 0 
7f32fc71a000-7f32fc816000 rw-p 00000000 00:00 0 
7f32fc816000-7f32fc81b000 ---p 00000000 00:00 0 
7f32fc81b000-7f32fc917000 rw-p 00000000 00:00 0 
7f32fc917000-7f32fc91c000 ---p 00000000 00:00 0 
7f32fc91c000-7f32fca18000 rw-p 00000000 00:00 0 
7f32fca18000-7f32fcae6000 r-xp 00000000 fd:00 34861063                   /root/.sdkman/candidates/java/23.0.1-oracle/lib/libjsvml.so
7f32fcae6000-7f32fcae7000 r--p 000cd000 fd:00 34861063                   /root/.sdkman/candidates/java/23.0.1-oracle/lib/libjsvml.so
7f32fcae7000-7f32fcae8000 rw-p 000ce000 fd:00 34861063                   /root/.sdkman/candidates/java/23.0.1-oracle/lib/libjsvml.so
7f32fcae8000-7f32fcaed000 ---p 00000000 00:00 0 
7f32fcaed000-7f32fcbe9000 rw-p 00000000 00:00 0 
7f32fcbe9000-7f32fcbee000 ---p 00000000 00:00 0 
7f32fcbee000-7f32fccea000 rw-p 00000000 00:00 0 
7f32fccea000-7f32fccef000 ---p 00000000 00:00 0 
7f32fccef000-7f32fcdeb000 rw-p 00000000 00:00 0 
7f32fcdeb000-7f32fcdf0000 ---p 00000000 00:00 0 
7f32fcdf0000-7f32fceec000 rw-p 00000000 00:00 0 
7f32fceec000-7f32fcef1000 ---p 00000000 00:00 0 
7f32fcef1000-7f32fcfed000 rw-p 00000000 00:00 0 
7f32fcfed000-7f32fcff2000 ---p 00000000 00:00 0 
7f32fcff2000-7f32fd0ee000 rw-p 00000000 00:00 0 
7f32fd0ee000-7f32fd0f3000 ---p 00000000 00:00 0 
7f32fd0f3000-7f32fd1ef000 rw-p 00000000 00:00 0 
7f32fd1ef000-7f32fd1f0000 ---p 00000000 00:00 0 
7f32fd1f0000-7f32fd2f0000 rw-p 00000000 00:00 0 
7f32fd2f0000-7f32fd2f1000 ---p 00000000 00:00 0 
7f32fd2f1000-7f32fd472000 rw-p 00000000 00:00 0 
7f32fd472000-7f32fd473000 ---p 00000000 00:00 0 
7f32fd473000-7f32fd573000 rw-p 00000000 00:00 0 
7f32fd573000-7f32fd574000 ---p 00000000 00:00 0 
7f32fd574000-7f32fda78000 rw-p 00000000 00:00 0 
7f32fda78000-7f32fda79000 ---p 00000000 00:00 0 
7f32fda79000-7f32fdb79000 rw-p 00000000 00:00 0 
7f32fdb79000-7f32fdb7a000 ---p 00000000 00:00 0 
7f32fdb7a000-7f32fdc7a000 rw-p 00000000 00:00 0 
7f32fdc7a000-7f32fdc7b000 ---p 00000000 00:00 0 
7f32fdc7b000-7f32fe08b000 rw-p 00000000 00:00 0 
7f32fe08b000-7f32ffc83000 ---p 00000000 00:00 0 
7f32ffc83000-7f32ffced000 rw-p 00000000 00:00 0 
7f32ffced000-7f330006c000 ---p 00000000 00:00 0 
7f330006c000-7f33000cf000 rw-p 00000000 00:00 0 
7f33000cf000-7f330044e000 ---p 00000000 00:00 0 
7f330044e000-7f3300853000 rw-p 00000000 00:00 0 
7f3300853000-7f3301393000 rwxp 00000000 00:00 0 
7f3301393000-7f3307d8a000 ---p 00000000 00:00 0 
7f3307d8a000-7f3307ffa000 rwxp 00000000 00:00 0 
7f3307ffa000-7f330831a000 ---p 00000000 00:00 0 
7f330831a000-7f33085fa000 rwxp 00000000 00:00 0 
7f33085fa000-7f330f853000 ---p 00000000 00:00 0 
7f330f853000-7f3318000000 r--s 00000000 fd:00 34861082                   /root/.sdkman/candidates/java/23.0.1-oracle/lib/modules
7f3318000000-7f3318808000 rw-p 00000000 00:00 0 
7f3318808000-7f331c000000 ---p 00000000 00:00 0 
7f331c009000-7f331c010000 r--s 00000000 fd:00 1715                       /usr/lib64/gconv/gconv-modules.cache
7f331c010000-7f331c01b000 r-xp 00000000 fd:00 34861071                   /root/.sdkman/candidates/java/23.0.1-oracle/lib/libnet.so
7f331c01b000-7f331c01c000 ---p 0000b000 fd:00 34861071                   /root/.sdkman/candidates/java/23.0.1-oracle/lib/libnet.so
7f331c01c000-7f331c01d000 r--p 0000b000 fd:00 34861071                   /root/.sdkman/candidates/java/23.0.1-oracle/lib/libnet.so
7f331c01d000-7f331c01e000 rw-p 0000c000 fd:00 34861071                   /root/.sdkman/candidates/java/23.0.1-oracle/lib/libnet.so
7f331c01e000-7f331c031000 r-xp 00000000 fd:00 34861072                   /root/.sdkman/candidates/java/23.0.1-oracle/lib/libnio.so
7f331c031000-7f331c032000 ---p 00013000 fd:00 34861072                   /root/.sdkman/candidates/java/23.0.1-oracle/lib/libnio.so
7f331c032000-7f331c033000 r--p 00013000 fd:00 34861072                   /root/.sdkman/candidates/java/23.0.1-oracle/lib/libnio.so
7f331c033000-7f331c034000 rw-p 00014000 fd:00 34861072                   /root/.sdkman/candidates/java/23.0.1-oracle/lib/libnio.so
7f331c034000-7f331c095000 rw-p 00000000 00:00 0 
7f331c095000-7f331c17a000 ---p 00000000 00:00 0 
7f331c17a000-7f331c191000 rw-p 00000000 00:00 0 
7f331c191000-7f331c265000 ---p 00000000 00:00 0 
7f331c265000-7f331c271000 r-xp 00000000 fd:00 1392                       /usr/lib64/libnss_files-2.17.so
7f331c271000-7f331c470000 ---p 0000c000 fd:00 1392                       /usr/lib64/libnss_files-2.17.so
7f331c470000-7f331c471000 r--p 0000b000 fd:00 1392                       /usr/lib64/libnss_files-2.17.so
7f331c471000-7f331c472000 rw-p 0000c000 fd:00 1392                       /usr/lib64/libnss_files-2.17.so
7f331c472000-7f331c478000 rw-p 00000000 00:00 0 
7f331c478000-7f331c579000 r-xp 00000000 fd:00 1382                       /usr/lib64/libm-2.17.so
7f331c579000-7f331c778000 ---p 00101000 fd:00 1382                       /usr/lib64/libm-2.17.so
7f331c778000-7f331c779000 r--p 00100000 fd:00 1382                       /usr/lib64/libm-2.17.so
7f331c779000-7f331c77a000 rw-p 00101000 fd:00 1382                       /usr/lib64/libm-2.17.so
7f331c77a000-7f331c781000 r-xp 00000000 fd:00 1408                       /usr/lib64/librt-2.17.so
7f331c781000-7f331c980000 ---p 00007000 fd:00 1408                       /usr/lib64/librt-2.17.so
7f331c980000-7f331c981000 r--p 00006000 fd:00 1408                       /usr/lib64/librt-2.17.so
7f331c981000-7f331c982000 rw-p 00007000 fd:00 1408                       /usr/lib64/librt-2.17.so
7f331c982000-7f331dcb2000 r-xp 00000000 fd:00 1194950                    /root/.sdkman/candidates/java/23.0.1-oracle/lib/server/libjvm.so
7f331dcb2000-7f331dd82000 r--p 0132f000 fd:00 1194950                    /root/.sdkman/candidates/java/23.0.1-oracle/lib/server/libjvm.so
7f331dd82000-7f331ddb0000 rw-p 013ff000 fd:00 1194950                    /root/.sdkman/candidates/java/23.0.1-oracle/lib/server/libjvm.so
7f331ddb0000-7f331de26000 rw-p 00000000 00:00 0 
7f331de26000-7f331dfea000 r-xp 00000000 fd:00 1342                       /usr/lib64/libc-2.17.so
7f331dfea000-7f331e1e9000 ---p 001c4000 fd:00 1342                       /usr/lib64/libc-2.17.so
7f331e1e9000-7f331e1ed000 r--p 001c3000 fd:00 1342                       /usr/lib64/libc-2.17.so
7f331e1ed000-7f331e1ef000 rw-p 001c7000 fd:00 1342                       /usr/lib64/libc-2.17.so
7f331e1ef000-7f331e1f4000 rw-p 00000000 00:00 0 
7f331e1f4000-7f331e20b000 r-xp 00000000 fd:00 1402                       /usr/lib64/libpthread-2.17.so
7f331e20b000-7f331e40a000 ---p 00017000 fd:00 1402                       /usr/lib64/libpthread-2.17.so
7f331e40a000-7f331e40b000 r--p 00016000 fd:00 1402                       /usr/lib64/libpthread-2.17.so
7f331e40b000-7f331e40c000 rw-p 00017000 fd:00 1402                       /usr/lib64/libpthread-2.17.so
7f331e40c000-7f331e410000 rw-p 00000000 00:00 0 
7f331e410000-7f331e412000 r-xp 00000000 fd:00 1380                       /usr/lib64/libdl-2.17.so
7f331e412000-7f331e612000 ---p 00002000 fd:00 1380                       /usr/lib64/libdl-2.17.so
7f331e612000-7f331e613000 r--p 00002000 fd:00 1380                       /usr/lib64/libdl-2.17.so
7f331e613000-7f331e614000 rw-p 00003000 fd:00 1380                       /usr/lib64/libdl-2.17.so
7f331e614000-7f331e629000 r-xp 00000000 fd:00 1721                       /usr/lib64/libz.so.1.2.7
7f331e629000-7f331e828000 ---p 00015000 fd:00 1721                       /usr/lib64/libz.so.1.2.7
7f331e828000-7f331e829000 r--p 00014000 fd:00 1721                       /usr/lib64/libz.so.1.2.7
7f331e829000-7f331e82a000 rw-p 00015000 fd:00 1721                       /usr/lib64/libz.so.1.2.7
7f331e82a000-7f331e84c000 r-xp 00000000 fd:00 1335                       /usr/lib64/ld-2.17.so
7f331e84f000-7f331e850000 rw-p 00000000 00:00 0 
7f331e850000-7f331e851000 r-xp 00000000 fd:00 34861079                   /root/.sdkman/candidates/java/23.0.1-oracle/lib/libsyslookup.so
7f331e851000-7f331e852000 r--p 00000000 fd:00 34861079                   /root/.sdkman/candidates/java/23.0.1-oracle/lib/libsyslookup.so
7f331e852000-7f331e853000 rw-p 00001000 fd:00 34861079                   /root/.sdkman/candidates/java/23.0.1-oracle/lib/libsyslookup.so
7f331e853000-7f331e8dc000 rw-p 00000000 00:00 0 
7f331e8dc000-7f331e8e3000 ---p 00000000 00:00 0 
7f331e8e3000-7f331e903000 r-xp 00000000 fd:00 34732852                   /root/.sdkman/candidates/java/23.0.1-oracle/lib/libjava.so
7f331e903000-7f331e904000 r--p 0001f000 fd:00 34732852                   /root/.sdkman/candidates/java/23.0.1-oracle/lib/libjava.so
7f331e904000-7f331e905000 rw-p 00020000 fd:00 34732852                   /root/.sdkman/candidates/java/23.0.1-oracle/lib/libjava.so
7f331e905000-7f331e906000 rw-p 00000000 00:00 0 
7f331e906000-7f331e924000 r-xp 00000000 fd:00 34861059                   /root/.sdkman/candidates/java/23.0.1-oracle/lib/libjimage.so
7f331e924000-7f331e926000 r--p 0001d000 fd:00 34861059                   /root/.sdkman/candidates/java/23.0.1-oracle/lib/libjimage.so
7f331e926000-7f331e927000 rw-p 0001f000 fd:00 34861059                   /root/.sdkman/candidates/java/23.0.1-oracle/lib/libjimage.so
7f331e927000-7f331e92b000 ---p 00000000 00:00 0 
7f331e92b000-7f331ea2e000 rw-p 00000000 00:00 0 
7f331ea2e000-7f331ea36000 rw-s 00000000 fd:00 1194968                    /tmp/hsperfdata_root/20038
7f331ea36000-7f331ea37000 ---p 00000000 00:00 0 
7f331ea37000-7f331ea38000 r--p 00000000 00:00 0 
7f331ea38000-7f331ea39000 rwxp 00000000 00:00 0 
7f331ea39000-7f331ea48000 r-xp 00000000 fd:00 34861060                   /root/.sdkman/candidates/java/23.0.1-oracle/lib/libjli.so
7f331ea48000-7f331ea49000 r--p 0000e000 fd:00 34861060                   /root/.sdkman/candidates/java/23.0.1-oracle/lib/libjli.so
7f331ea49000-7f331ea4a000 rw-p 0000f000 fd:00 34861060                   /root/.sdkman/candidates/java/23.0.1-oracle/lib/libjli.so
7f331ea4a000-7f331ea4b000 rw-p 00000000 00:00 0 
7f331ea4b000-7f331ea4c000 r--p 00021000 fd:00 1335                       /usr/lib64/ld-2.17.so
7f331ea4c000-7f331ea4d000 rw-p 00022000 fd:00 1335                       /usr/lib64/ld-2.17.so
7f331ea4d000-7f331ea4e000 rw-p 00000000 00:00 0 
7ffdc3ad9000-7ffdc3afa000 rw-p 00000000 00:00 0                          [stack]
7ffdc3bd0000-7ffdc3bd3000 r--p 00000000 00:00 0                          [vvar]
7ffdc3bd3000-7ffdc3bd4000 r-xp 00000000 00:00 0                          [vdso]
ffffffffff600000-ffffffffff601000 r-xp 00000000 00:00 0                  [vsyscall]
Total number of mappings: 200


VM Arguments:
jvm_args: --add-modules=ALL-DEFAULT 
java_command: jdk.compiler/com.sun.tools.javac.launcher.SourceLauncher IterateInstance.java
java_class_path (initial): .
Launcher Type: SUN_STANDARD

[Global flags]
     intx CICompilerCount                          = 3                                         {product} {ergonomic}
     uint ConcGCThreads                            = 1                                         {product} {ergonomic}
     uint G1ConcRefinementThreads                  = 4                                         {product} {ergonomic}
   size_t G1HeapRegionSize                         = 1048576                                   {product} {ergonomic}
   size_t InitialHeapSize                          = 132120576                                 {product} {ergonomic}
   size_t MarkStackSize                            = 4194304                                   {product} {ergonomic}
   size_t MarkStackSizeMax                         = 536870912                                 {product} {ergonomic}
   size_t MaxHeapSize                              = 2084569088                                {product} {ergonomic}
   size_t MaxNewSize                               = 1249902592                                {product} {ergonomic}
   size_t MinHeapDeltaBytes                        = 1048576                                   {product} {ergonomic}
   size_t MinHeapSize                              = 8388608                                   {product} {ergonomic}
    uintx NonNMethodCodeHeapSize                   = 5832704                                {pd product} {ergonomic}
    uintx NonProfiledCodeHeapSize                  = 122916864                              {pd product} {ergonomic}
    uintx ProfiledCodeHeapSize                     = 122908672                              {pd product} {ergonomic}
    uintx ReservedCodeCacheSize                    = 251658240                              {pd product} {ergonomic}
     bool SegmentedCodeCache                       = true                                      {product} {ergonomic}
   size_t SoftMaxHeapSize                          = 2084569088                             {manageable} {ergonomic}
     bool UseCompressedOops                        = true                           {product lp64_product} {ergonomic}
     bool UseG1GC                                  = true                                      {product} {ergonomic}

Logging:
Log output configuration:
 #0: stdout all=warning uptime,level,tags foldmultilines=false
 #1: stderr all=off uptime,level,tags foldmultilines=false

Environment Variables:
JAVA_HOME=/root/.sdkman/candidates/java/current
PATH=/root/.cargo/bin:/root/.sdkman/candidates/quarkus/current/bin:/root/.sdkman/candidates/maven/current/bin:/root/.sdkman/candidates/kotlin/current/bin:/root/.sdkman/candidates/java/current/bin:/usr/local/sbin:/usr/local/bin:/usr/sbin:/usr/bin:/usr/local/go/bin:/root/bin
SHELL=/bin/bash
LANG=en_US.UTF-8
LC_ALL=en_US.UTF-8
LC_CTYPE=UTF-8
TERM=xterm-256color

Active Locale:
LC_ALL=en_US.UTF-8
LC_COLLATE=en_US.UTF-8
LC_CTYPE=en_US.UTF-8
LC_MESSAGES=en_US.UTF-8
LC_MONETARY=en_US.UTF-8
LC_NUMERIC=en_US.UTF-8
LC_TIME=en_US.UTF-8

Signal Handlers:
   SIGSEGV: crash_handler in libjvm.so, mask=11100100010111111101111111111110, flags=SA_RESTART|SA_SIGINFO, unblocked
    SIGBUS: crash_handler in libjvm.so, mask=11100100010111111101111111111110, flags=SA_RESTART|SA_SIGINFO, unblocked
    SIGFPE: crash_handler in libjvm.so, mask=11100100010111111101111111111110, flags=SA_RESTART|SA_SIGINFO, unblocked
   SIGPIPE: javaSignalHandler in libjvm.so, mask=11100100010111111101111111111110, flags=SA_RESTART|SA_SIGINFO, unblocked
   SIGXFSZ: javaSignalHandler in libjvm.so, mask=11100100010111111101111111111110, flags=SA_RESTART|SA_SIGINFO, unblocked
    SIGILL: crash_handler in libjvm.so, mask=11100100010111111101111111111110, flags=SA_RESTART|SA_SIGINFO, unblocked
   SIGUSR2: SR_handler in libjvm.so, mask=00000000000000000000000000000000, flags=SA_RESTART|SA_SIGINFO, unblocked
    SIGHUP: UserHandler in libjvm.so, mask=11100100010111111101111111111110, flags=SA_RESTART|SA_SIGINFO, unblocked
    SIGINT: UserHandler in libjvm.so, mask=11100100010111111101111111111110, flags=SA_RESTART|SA_SIGINFO, unblocked
   SIGTERM: UserHandler in libjvm.so, mask=11100100010111111101111111111110, flags=SA_RESTART|SA_SIGINFO, unblocked
   SIGQUIT: UserHandler in libjvm.so, mask=11100100010111111101111111111110, flags=SA_RESTART|SA_SIGINFO, unblocked
   SIGTRAP: crash_handler in libjvm.so, mask=11100100010111111101111111111110, flags=SA_RESTART|SA_SIGINFO, unblocked


Periodic native trim disabled

---------------  S Y S T E M  ---------------

OS:
CentOS Linux release 7.9.2009 (Core)
uname: Linux 5.4.275-1.el7.elrepo.x86_64 #1 SMP Thu May 2 15:30:39 EDT 2024 x86_64
OS uptime: 0 days 7:05 hours
libc: glibc 2.17 NPTL 2.17 
rlimit (soft/hard): STACK 8192k/infinity , CORE 0k/infinity , NPROC 31703/31703 , NOFILE 4096/4096 , AS infinity/infinity , CPU infinity/infinity , DATA infinity/infinity , FSIZE infinity/infinity , MEMLOCK 64k/64k
load average: 0.50 0.27 0.27

/proc/meminfo:
MemTotal:        8142648 kB
MemFree:         4332772 kB
MemAvailable:    6561952 kB
Buffers:            2104 kB
Cached:          2202668 kB
SwapCached:            0 kB
Active:          1796016 kB
Inactive:        1098088 kB
Active(anon):     767680 kB
Inactive(anon):    32712 kB
Active(file):    1028336 kB
Inactive(file):  1065376 kB
Unevictable:           0 kB
Mlocked:               0 kB
SwapTotal:             0 kB
SwapFree:              0 kB
Dirty:               140 kB
Writeback:             0 kB
AnonPages:        643340 kB
Mapped:           636204 kB
Shmem:            111060 kB
KReclaimable:     440688 kB
Slab:             604960 kB
SReclaimable:     440688 kB
SUnreclaim:       164272 kB
KernelStack:        7136 kB
PageTables:         9316 kB
NFS_Unstable:          0 kB
Bounce:                0 kB
WritebackTmp:          0 kB
CommitLimit:     4071324 kB
Committed_AS:    2594140 kB
VmallocTotal:   34359738367 kB
VmallocUsed:       18980 kB
VmallocChunk:          0 kB
Percpu:             2416 kB
HardwareCorrupted:     0 kB
AnonHugePages:    346112 kB
ShmemHugePages:        0 kB
ShmemPmdMapped:        0 kB
FileHugePages:         0 kB
FilePmdMapped:         0 kB
HugePages_Total:       0
HugePages_Free:        0
HugePages_Rsvd:        0
HugePages_Surp:        0
Hugepagesize:       2048 kB
Hugetlb:               0 kB
DirectMap4k:      169856 kB
DirectMap2M:     8218624 kB

/sys/kernel/mm/transparent_hugepage/enabled: [always] madvise never
/sys/kernel/mm/transparent_hugepage/hpage_pmd_size: 2097152
/sys/kernel/mm/transparent_hugepage/shmem_enabled: always within_size advise [never] deny force
/sys/kernel/mm/transparent_hugepage/defrag (defrag/compaction efforts parameter): always defer defer+madvise [madvise] never

Process Memory:
Virtual Size: 5180072K (peak: 5181016K)
Resident Set Size: 327964K (peak: 327964K) (anon: 292168K, file: 35796K, shmem: 0K)
Swapped out: 0K
C-Heap outstanding allocations: 51474K, retained: 23905K (may have wrapped)
glibc malloc tunables: (default)

/proc/sys/kernel/threads-max (system-wide limit on the number of threads): 63407
/proc/sys/vm/max_map_count (maximum number of memory map areas a process may have): 65530
/proc/sys/vm/swappiness (control to define how aggressively the kernel swaps out anonymous memory): 30
/proc/sys/kernel/pid_max (system-wide limit on number of process identifiers): 32768

container (cgroup) information:
container_type: cgroupv1
cpu_cpuset_cpus: 0-3
cpu_memory_nodes: 0
active_processor_count: 4
cpu_quota: no quota
cpu_period: 100000
cpu_shares: no shares
memory_limit_in_bytes: unlimited
memory_and_swap_limit_in_bytes: unlimited
memory_soft_limit_in_bytes: unlimited
memory_usage_in_bytes: 1632356 k
memory_max_usage_in_bytes: 6175608 k
rss_usage_in_bytes: 301880 k
cache_usage_in_bytes: 927988 k
kernel_memory_usage_in_bytes: 401796 k
kernel_memory_max_usage_in_bytes: unlimited
kernel_memory_limit_in_bytes: 408808 k
maximum number of tasks: unlimited
current number of tasks: 27

VMWare virtualization detected
Steal ticks since vm start: 0
Steal ticks percentage since vm start:  0.000

CPU: total 4 (initial active 4) (1 cores per cpu, 1 threads per core) family 6 model 156 stepping 0 microcode 0x1d, cx8, cmov, fxsr, mmx, 3dnowpref, sse, sse2, sse3, ssse3, sse4.1, sse4.2, popcnt, tsc, tscinvbit, aes, erms, clmul, sha, clflush, clflushopt, clwb, hv, rdtscp, rdpid
CPU Model and flags from /proc/cpuinfo:
model name	: Intel(R) Pentium(R) Silver N6000 @ 1.10GHz
flags		: fpu vme de pse tsc msr pae mce cx8 apic sep mtrr pge mca cmov pat pse36 clflush mmx fxsr sse sse2 ss syscall nx rdtscp lm constant_tsc arch_perfmon nopl xtopology tsc_reliable nonstop_tsc cpuid pni pclmulqdq ssse3 cx16 sse4_1 sse4_2 x2apic movbe popcnt tsc_deadline_timer aes xsave rdrand hypervisor lahf_lm 3dnowprefetch cpuid_fault ssbd ibrs ibpb stibp ibrs_enhanced fsgsbase tsc_adjust smep rdseed smap clflushopt clwb sha_ni xsaveopt xsavec xgetbv1 xsaves arat umip gfni rdpid movdiri movdir64b md_clear flush_l1d arch_capabilities

Online cpus: 0-3
Offline cpus: 
BIOS frequency limitation: <Not Available>
Frequency switch latency (ns): <Not Available>
Available cpu frequencies: <Not Available>
Current governor: <Not Available>
Core performance/turbo boost: <Not Available>

Memory: 4k page, physical 8142648k(6561952k free), swap 0k(0k free)
Page Sizes: 4k

vm_info: Java HotSpot(TM) 64-Bit Server VM (23.0.1+11-39) for linux-amd64 JRE (23.0.1+11-39), built on 2024-09-30T07:20:43Z with gcc 13.2.0

END.
